<?xml version="1.0" encoding="UTF-8"?>
<testsuite name="repository.vehiculoRepository.VehiculoRepositoryImplTest" tests="8" skipped="0" failures="0" errors="0" timestamp="2023-06-19T03:00:05" hostname="LAPTOPAMEBA" time="0.205">
  <properties/>
  <testcase name="delete()" classname="repository.vehiculoRepository.VehiculoRepositoryImplTest" time="0.016"/>
  <testcase name="findAll()" classname="repository.vehiculoRepository.VehiculoRepositoryImplTest" time="0.01"/>
  <testcase name="update()" classname="repository.vehiculoRepository.VehiculoRepositoryImplTest" time="0.02"/>
  <testcase name="findById()" classname="repository.vehiculoRepository.VehiculoRepositoryImplTest" time="0.01"/>
  <testcase name="save()" classname="repository.vehiculoRepository.VehiculoRepositoryImplTest" time="0.01"/>
  <testcase name="findByDniPropietario()" classname="repository.vehiculoRepository.VehiculoRepositoryImplTest" time="0.012"/>
  <testcase name="findByModelo()" classname="repository.vehiculoRepository.VehiculoRepositoryImplTest" time="0.009"/>
  <testcase name="findByMatricula()" classname="repository.vehiculoRepository.VehiculoRepositoryImplTest" time="0.013"/>
  <system-out><![CDATA[/C:/Users/Sergio/Desktop/FP/2o/EntregasExtraordinarias/Pepilandia/SQLite/build/resources/main/config.properties
05:00:05.697 [Test worker] INFO db.DatabaseManager - Conexión establecida con la base de datos: jdbc:sqlite:Pepilandia.db
--init-sql--
DROP TABLE IF EXISTS Trabajador

DROP TABLE IF EXISTS Informe

DROP TABLE IF EXISTS Especialidad

DROP TABLE IF EXISTS Propietario

DROP TABLE IF EXISTS Vehiculo

DROP TABLE IF EXISTS Cita

-- Tabla Especialidad
CREATE TABLE IF NOT EXISTS Especialidad (
    nombre VARCHAR(20) PRIMARY KEY,
    salario_base DECIMAL(10, 2)
)

-- Insertar datos en la tabla Especialidad
INSERT INTO Especialidad (nombre, salario_base) VALUES
    ('ELECTRICIDAD', 1800),
    ('MOTOR', 1700),
    ('MECANICA', 1600),
    ('INTERIOR', 1750)

-- Tabla Propietario
CREATE TABLE Propietario (
    id INTEGER PRIMARY KEY AUTOINCREMENT,
    dni VARCHAR(9),
    nombre VARCHAR(30),
    apellidos VARCHAR(100),
    telefono VARCHAR(20)
)

-- Tabla Vehiculo
CREATE TABLE IF NOT EXISTS Vehiculo (
    id INTEGER PRIMARY KEY AUTOINCREMENT,
    marca VARCHAR(50),
    modelo VARCHAR(50),
    matricula VARCHAR(10),
    fecha_matriculacion DATE,
    fecha_ultima_revision DATE,
    dni_propietario VARCHAR(9),
    FOREIGN KEY (dni_propietario) REFERENCES Propietario(dni)
)

-- Tabla Trabajador
CREATE TABLE IF NOT EXISTS Trabajador (
    id INTEGER PRIMARY KEY AUTOINCREMENT,
    nombre VARCHAR(30),
    telefono VARCHAR(20),
    email VARCHAR(100),
    nombreUsuario VARCHAR(20),
    password VARCHAR(100),
    especialidad_trabajador VARCHAR(20),
    isResponsable INTEGER,
    salario DECIMAL(10, 2),
    fecha_contratacion DATE,
    FOREIGN KEY (especialidad_trabajador) REFERENCES Especialidad(nombre)
)

-- Tabla Cita
CREATE TABLE IF NOT EXISTS Cita (
    id INTEGER PRIMARY KEY AUTOINCREMENT,
    id_trabajador INTEGER,
    id_vehiculo INTEGER,
    fecha DATETIME,
    hora VARCHAR(5),
    FOREIGN KEY (id_trabajador) REFERENCES Trabajador(id),
    FOREIGN KEY (id_vehiculo) REFERENCES Vehiculo(id)
)

-- Tabla Informe
CREATE TABLE IF NOT EXISTS Informe (
    id INTEGER PRIMARY KEY AUTOINCREMENT,
    frenado DECIMAL(2, 2),
    frenadoIsApto INTEGER,
    contaminacion DECIMAL(2, 2),
    lucesIsApto INTEGER,
    id_cita INTEGER,
    id_trabajador INTEGER,
    id_vehiculo INT,
    dni_propietario VARCHAR(9),
    isFavorable INTEGER,
    FOREIGN KEY (id_cita) REFERENCES Cita(id),
    FOREIGN KEY (id_trabajador) REFERENCES Trabajador(id),
    FOREIGN KEY (id_vehiculo) REFERENCES Vehiculo(id),
    FOREIGN KEY (dni_propietario) REFERENCES Propietario(dni)
)

05:00:05.705 [Test worker] INFO db.DatabaseManager - Datos iniciales cargados
05:00:05.706 [Test worker] DEBUG db.DatabaseManager - Conexión a la Base de Datos ya establecida
05:00:05.706 [Test worker] INFO db.DatabaseManager - Ejecutando consulta: SELECT * FROM vehiculo con parámetros: []
05:00:05.706 [Test worker] INFO db.DatabaseManager - Conexión con la base de datos cerrada
05:00:05.708 [Test worker] INFO db.DatabaseManager - Conexión establecida con la base de datos: jdbc:sqlite:Pepilandia.db
05:00:05.708 [Test worker] INFO db.DatabaseManager - Ejecutando consulta: INSERT INTO vehiculo (marca, modelo, matricula, fecha_matriculacion, fecha_ultima_revision, dni_propietario) VALUES (?, ?, ?, ?, ?, ?) con parámetros: [Seat, Ibiza, 2346JUT, 2019-01-01, 2020-01-01, 12345678A]
05:00:05.712 [Test worker] INFO db.DatabaseManager - Conexión con la base de datos cerrada
05:00:05.714 [Test worker] INFO db.DatabaseManager - Conexión establecida con la base de datos: jdbc:sqlite:Pepilandia.db
05:00:05.714 [Test worker] INFO db.DatabaseManager - Ejecutando consulta: SELECT * FROM vehiculo WHERE id = ? con parámetros: [1]
05:00:05.714 [Test worker] INFO db.DatabaseManager - Conexión con la base de datos cerrada
05:00:05.715 [Test worker] INFO db.DatabaseManager - Conexión establecida con la base de datos: jdbc:sqlite:Pepilandia.db
05:00:05.715 [Test worker] INFO db.DatabaseManager - Ejecutando consulta: DELETE FROM vehiculo WHERE id = ? con parámetros: [1]
05:00:05.720 [Test worker] INFO db.DatabaseManager - Conexión con la base de datos cerrada
05:00:05.721 [Test worker] INFO db.DatabaseManager - Conexión establecida con la base de datos: jdbc:sqlite:Pepilandia.db
05:00:05.721 [Test worker] INFO db.DatabaseManager - Ejecutando consulta: SELECT * FROM vehiculo WHERE id = ? con parámetros: [1]
05:00:05.722 [Test worker] INFO db.DatabaseManager - Conexión con la base de datos cerrada
/C:/Users/Sergio/Desktop/FP/2o/EntregasExtraordinarias/Pepilandia/SQLite/build/resources/main/config.properties
05:00:05.724 [Test worker] INFO db.DatabaseManager - Conexión establecida con la base de datos: jdbc:sqlite:Pepilandia.db
--init-sql--
DROP TABLE IF EXISTS Trabajador

DROP TABLE IF EXISTS Informe

DROP TABLE IF EXISTS Especialidad

DROP TABLE IF EXISTS Propietario

DROP TABLE IF EXISTS Vehiculo

DROP TABLE IF EXISTS Cita

-- Tabla Especialidad
CREATE TABLE IF NOT EXISTS Especialidad (
    nombre VARCHAR(20) PRIMARY KEY,
    salario_base DECIMAL(10, 2)
)

-- Insertar datos en la tabla Especialidad
INSERT INTO Especialidad (nombre, salario_base) VALUES
    ('ELECTRICIDAD', 1800),
    ('MOTOR', 1700),
    ('MECANICA', 1600),
    ('INTERIOR', 1750)

-- Tabla Propietario
CREATE TABLE Propietario (
    id INTEGER PRIMARY KEY AUTOINCREMENT,
    dni VARCHAR(9),
    nombre VARCHAR(30),
    apellidos VARCHAR(100),
    telefono VARCHAR(20)
)

-- Tabla Vehiculo
CREATE TABLE IF NOT EXISTS Vehiculo (
    id INTEGER PRIMARY KEY AUTOINCREMENT,
    marca VARCHAR(50),
    modelo VARCHAR(50),
    matricula VARCHAR(10),
    fecha_matriculacion DATE,
    fecha_ultima_revision DATE,
    dni_propietario VARCHAR(9),
    FOREIGN KEY (dni_propietario) REFERENCES Propietario(dni)
)

-- Tabla Trabajador
CREATE TABLE IF NOT EXISTS Trabajador (
    id INTEGER PRIMARY KEY AUTOINCREMENT,
    nombre VARCHAR(30),
    telefono VARCHAR(20),
    email VARCHAR(100),
    nombreUsuario VARCHAR(20),
    password VARCHAR(100),
    especialidad_trabajador VARCHAR(20),
    isResponsable INTEGER,
    salario DECIMAL(10, 2),
    fecha_contratacion DATE,
    FOREIGN KEY (especialidad_trabajador) REFERENCES Especialidad(nombre)
)

-- Tabla Cita
CREATE TABLE IF NOT EXISTS Cita (
    id INTEGER PRIMARY KEY AUTOINCREMENT,
    id_trabajador INTEGER,
    id_vehiculo INTEGER,
    fecha DATETIME,
    hora VARCHAR(5),
    FOREIGN KEY (id_trabajador) REFERENCES Trabajador(id),
    FOREIGN KEY (id_vehiculo) REFERENCES Vehiculo(id)
)

-- Tabla Informe
CREATE TABLE IF NOT EXISTS Informe (
    id INTEGER PRIMARY KEY AUTOINCREMENT,
    frenado DECIMAL(2, 2),
    frenadoIsApto INTEGER,
    contaminacion DECIMAL(2, 2),
    lucesIsApto INTEGER,
    id_cita INTEGER,
    id_trabajador INTEGER,
    id_vehiculo INT,
    dni_propietario VARCHAR(9),
    isFavorable INTEGER,
    FOREIGN KEY (id_cita) REFERENCES Cita(id),
    FOREIGN KEY (id_trabajador) REFERENCES Trabajador(id),
    FOREIGN KEY (id_vehiculo) REFERENCES Vehiculo(id),
    FOREIGN KEY (dni_propietario) REFERENCES Propietario(dni)
)

05:00:05.730 [Test worker] INFO db.DatabaseManager - Datos iniciales cargados
05:00:05.730 [Test worker] DEBUG db.DatabaseManager - Conexión a la Base de Datos ya establecida
05:00:05.731 [Test worker] INFO db.DatabaseManager - Ejecutando consulta: SELECT * FROM vehiculo con parámetros: []
05:00:05.731 [Test worker] INFO db.DatabaseManager - Conexión con la base de datos cerrada
05:00:05.733 [Test worker] INFO db.DatabaseManager - Conexión establecida con la base de datos: jdbc:sqlite:Pepilandia.db
05:00:05.733 [Test worker] INFO db.DatabaseManager - Ejecutando consulta: INSERT INTO vehiculo (marca, modelo, matricula, fecha_matriculacion, fecha_ultima_revision, dni_propietario) VALUES (?, ?, ?, ?, ?, ?) con parámetros: [Seat, Ibiza, 2346JUT, 2019-01-01, 2020-01-01, 12345678A]
05:00:05.738 [Test worker] INFO db.DatabaseManager - Conexión con la base de datos cerrada
05:00:05.740 [Test worker] INFO db.DatabaseManager - Conexión establecida con la base de datos: jdbc:sqlite:Pepilandia.db
05:00:05.740 [Test worker] INFO db.DatabaseManager - Ejecutando consulta: SELECT * FROM vehiculo con parámetros: []
05:00:05.740 [Test worker] INFO db.DatabaseManager - Conexión con la base de datos cerrada
/C:/Users/Sergio/Desktop/FP/2o/EntregasExtraordinarias/Pepilandia/SQLite/build/resources/main/config.properties
05:00:05.742 [Test worker] INFO db.DatabaseManager - Conexión establecida con la base de datos: jdbc:sqlite:Pepilandia.db
--init-sql--
DROP TABLE IF EXISTS Trabajador

DROP TABLE IF EXISTS Informe

DROP TABLE IF EXISTS Especialidad

DROP TABLE IF EXISTS Propietario

DROP TABLE IF EXISTS Vehiculo

DROP TABLE IF EXISTS Cita

-- Tabla Especialidad
CREATE TABLE IF NOT EXISTS Especialidad (
    nombre VARCHAR(20) PRIMARY KEY,
    salario_base DECIMAL(10, 2)
)

-- Insertar datos en la tabla Especialidad
INSERT INTO Especialidad (nombre, salario_base) VALUES
    ('ELECTRICIDAD', 1800),
    ('MOTOR', 1700),
    ('MECANICA', 1600),
    ('INTERIOR', 1750)

-- Tabla Propietario
CREATE TABLE Propietario (
    id INTEGER PRIMARY KEY AUTOINCREMENT,
    dni VARCHAR(9),
    nombre VARCHAR(30),
    apellidos VARCHAR(100),
    telefono VARCHAR(20)
)

-- Tabla Vehiculo
CREATE TABLE IF NOT EXISTS Vehiculo (
    id INTEGER PRIMARY KEY AUTOINCREMENT,
    marca VARCHAR(50),
    modelo VARCHAR(50),
    matricula VARCHAR(10),
    fecha_matriculacion DATE,
    fecha_ultima_revision DATE,
    dni_propietario VARCHAR(9),
    FOREIGN KEY (dni_propietario) REFERENCES Propietario(dni)
)

-- Tabla Trabajador
CREATE TABLE IF NOT EXISTS Trabajador (
    id INTEGER PRIMARY KEY AUTOINCREMENT,
    nombre VARCHAR(30),
    telefono VARCHAR(20),
    email VARCHAR(100),
    nombreUsuario VARCHAR(20),
    password VARCHAR(100),
    especialidad_trabajador VARCHAR(20),
    isResponsable INTEGER,
    salario DECIMAL(10, 2),
    fecha_contratacion DATE,
    FOREIGN KEY (especialidad_trabajador) REFERENCES Especialidad(nombre)
)

-- Tabla Cita
CREATE TABLE IF NOT EXISTS Cita (
    id INTEGER PRIMARY KEY AUTOINCREMENT,
    id_trabajador INTEGER,
    id_vehiculo INTEGER,
    fecha DATETIME,
    hora VARCHAR(5),
    FOREIGN KEY (id_trabajador) REFERENCES Trabajador(id),
    FOREIGN KEY (id_vehiculo) REFERENCES Vehiculo(id)
)

-- Tabla Informe
CREATE TABLE IF NOT EXISTS Informe (
    id INTEGER PRIMARY KEY AUTOINCREMENT,
    frenado DECIMAL(2, 2),
    frenadoIsApto INTEGER,
    contaminacion DECIMAL(2, 2),
    lucesIsApto INTEGER,
    id_cita INTEGER,
    id_trabajador INTEGER,
    id_vehiculo INT,
    dni_propietario VARCHAR(9),
    isFavorable INTEGER,
    FOREIGN KEY (id_cita) REFERENCES Cita(id),
    FOREIGN KEY (id_trabajador) REFERENCES Trabajador(id),
    FOREIGN KEY (id_vehiculo) REFERENCES Vehiculo(id),
    FOREIGN KEY (dni_propietario) REFERENCES Propietario(dni)
)

05:00:05.750 [Test worker] INFO db.DatabaseManager - Datos iniciales cargados
05:00:05.750 [Test worker] DEBUG db.DatabaseManager - Conexión a la Base de Datos ya establecida
05:00:05.750 [Test worker] INFO db.DatabaseManager - Ejecutando consulta: SELECT * FROM vehiculo con parámetros: []
05:00:05.751 [Test worker] INFO db.DatabaseManager - Conexión con la base de datos cerrada
05:00:05.752 [Test worker] INFO db.DatabaseManager - Conexión establecida con la base de datos: jdbc:sqlite:Pepilandia.db
05:00:05.752 [Test worker] INFO db.DatabaseManager - Ejecutando consulta: INSERT INTO vehiculo (marca, modelo, matricula, fecha_matriculacion, fecha_ultima_revision, dni_propietario) VALUES (?, ?, ?, ?, ?, ?) con parámetros: [Seat, Ibiza, 2346JUT, 2019-01-01, 2020-01-01, 12345678A]
05:00:05.757 [Test worker] INFO db.DatabaseManager - Conexión con la base de datos cerrada
05:00:05.759 [Test worker] INFO db.DatabaseManager - Conexión establecida con la base de datos: jdbc:sqlite:Pepilandia.db
05:00:05.759 [Test worker] INFO db.DatabaseManager - Ejecutando consulta: SELECT * FROM vehiculo WHERE id = ? con parámetros: [1]
05:00:05.759 [Test worker] INFO db.DatabaseManager - Conexión con la base de datos cerrada
05:00:05.760 [Test worker] INFO db.DatabaseManager - Conexión establecida con la base de datos: jdbc:sqlite:Pepilandia.db
05:00:05.760 [Test worker] INFO db.DatabaseManager - Ejecutando consulta: UPDATE vehiculo SET marca = ?, modelo = ?, matricula = ?, fecha_matriculacion = ?, fecha_ultima_revision = ?, dni_propietario = ? WHERE id = ? con parámetros: [Seat, Ibiza, MAR223, 2019-01-01, 2020-01-01, 12345678B, 1]
05:00:05.768 [Test worker] INFO db.DatabaseManager - Conexión con la base de datos cerrada
05:00:05.769 [Test worker] INFO db.DatabaseManager - Conexión establecida con la base de datos: jdbc:sqlite:Pepilandia.db
05:00:05.769 [Test worker] INFO db.DatabaseManager - Ejecutando consulta: SELECT * FROM vehiculo WHERE id = ? con parámetros: [1]
05:00:05.770 [Test worker] INFO db.DatabaseManager - Conexión con la base de datos cerrada
/C:/Users/Sergio/Desktop/FP/2o/EntregasExtraordinarias/Pepilandia/SQLite/build/resources/main/config.properties
05:00:05.772 [Test worker] INFO db.DatabaseManager - Conexión establecida con la base de datos: jdbc:sqlite:Pepilandia.db
--init-sql--
DROP TABLE IF EXISTS Trabajador

DROP TABLE IF EXISTS Informe

DROP TABLE IF EXISTS Especialidad

DROP TABLE IF EXISTS Propietario

DROP TABLE IF EXISTS Vehiculo

DROP TABLE IF EXISTS Cita

-- Tabla Especialidad
CREATE TABLE IF NOT EXISTS Especialidad (
    nombre VARCHAR(20) PRIMARY KEY,
    salario_base DECIMAL(10, 2)
)

-- Insertar datos en la tabla Especialidad
INSERT INTO Especialidad (nombre, salario_base) VALUES
    ('ELECTRICIDAD', 1800),
    ('MOTOR', 1700),
    ('MECANICA', 1600),
    ('INTERIOR', 1750)

-- Tabla Propietario
CREATE TABLE Propietario (
    id INTEGER PRIMARY KEY AUTOINCREMENT,
    dni VARCHAR(9),
    nombre VARCHAR(30),
    apellidos VARCHAR(100),
    telefono VARCHAR(20)
)

-- Tabla Vehiculo
CREATE TABLE IF NOT EXISTS Vehiculo (
    id INTEGER PRIMARY KEY AUTOINCREMENT,
    marca VARCHAR(50),
    modelo VARCHAR(50),
    matricula VARCHAR(10),
    fecha_matriculacion DATE,
    fecha_ultima_revision DATE,
    dni_propietario VARCHAR(9),
    FOREIGN KEY (dni_propietario) REFERENCES Propietario(dni)
)

-- Tabla Trabajador
CREATE TABLE IF NOT EXISTS Trabajador (
    id INTEGER PRIMARY KEY AUTOINCREMENT,
    nombre VARCHAR(30),
    telefono VARCHAR(20),
    email VARCHAR(100),
    nombreUsuario VARCHAR(20),
    password VARCHAR(100),
    especialidad_trabajador VARCHAR(20),
    isResponsable INTEGER,
    salario DECIMAL(10, 2),
    fecha_contratacion DATE,
    FOREIGN KEY (especialidad_trabajador) REFERENCES Especialidad(nombre)
)

-- Tabla Cita
CREATE TABLE IF NOT EXISTS Cita (
    id INTEGER PRIMARY KEY AUTOINCREMENT,
    id_trabajador INTEGER,
    id_vehiculo INTEGER,
    fecha DATETIME,
    hora VARCHAR(5),
    FOREIGN KEY (id_trabajador) REFERENCES Trabajador(id),
    FOREIGN KEY (id_vehiculo) REFERENCES Vehiculo(id)
)

-- Tabla Informe
CREATE TABLE IF NOT EXISTS Informe (
    id INTEGER PRIMARY KEY AUTOINCREMENT,
    frenado DECIMAL(2, 2),
    frenadoIsApto INTEGER,
    contaminacion DECIMAL(2, 2),
    lucesIsApto INTEGER,
    id_cita INTEGER,
    id_trabajador INTEGER,
    id_vehiculo INT,
    dni_propietario VARCHAR(9),
    isFavorable INTEGER,
    FOREIGN KEY (id_cita) REFERENCES Cita(id),
    FOREIGN KEY (id_trabajador) REFERENCES Trabajador(id),
    FOREIGN KEY (id_vehiculo) REFERENCES Vehiculo(id),
    FOREIGN KEY (dni_propietario) REFERENCES Propietario(dni)
)

05:00:05.778 [Test worker] INFO db.DatabaseManager - Datos iniciales cargados
05:00:05.779 [Test worker] DEBUG db.DatabaseManager - Conexión a la Base de Datos ya establecida
05:00:05.779 [Test worker] INFO db.DatabaseManager - Ejecutando consulta: SELECT * FROM vehiculo con parámetros: []
05:00:05.780 [Test worker] INFO db.DatabaseManager - Conexión con la base de datos cerrada
05:00:05.782 [Test worker] INFO db.DatabaseManager - Conexión establecida con la base de datos: jdbc:sqlite:Pepilandia.db
05:00:05.782 [Test worker] INFO db.DatabaseManager - Ejecutando consulta: INSERT INTO vehiculo (marca, modelo, matricula, fecha_matriculacion, fecha_ultima_revision, dni_propietario) VALUES (?, ?, ?, ?, ?, ?) con parámetros: [Seat, Ibiza, 2346JUT, 2019-01-01, 2020-01-01, 12345678A]
05:00:05.787 [Test worker] INFO db.DatabaseManager - Conexión con la base de datos cerrada
05:00:05.788 [Test worker] INFO db.DatabaseManager - Conexión establecida con la base de datos: jdbc:sqlite:Pepilandia.db
05:00:05.788 [Test worker] INFO db.DatabaseManager - Ejecutando consulta: SELECT * FROM vehiculo WHERE id = ? con parámetros: [1]
05:00:05.789 [Test worker] INFO db.DatabaseManager - Conexión con la base de datos cerrada
/C:/Users/Sergio/Desktop/FP/2o/EntregasExtraordinarias/Pepilandia/SQLite/build/resources/main/config.properties
05:00:05.791 [Test worker] INFO db.DatabaseManager - Conexión establecida con la base de datos: jdbc:sqlite:Pepilandia.db
--init-sql--
DROP TABLE IF EXISTS Trabajador

DROP TABLE IF EXISTS Informe

DROP TABLE IF EXISTS Especialidad

DROP TABLE IF EXISTS Propietario

DROP TABLE IF EXISTS Vehiculo

DROP TABLE IF EXISTS Cita

-- Tabla Especialidad
CREATE TABLE IF NOT EXISTS Especialidad (
    nombre VARCHAR(20) PRIMARY KEY,
    salario_base DECIMAL(10, 2)
)

-- Insertar datos en la tabla Especialidad
INSERT INTO Especialidad (nombre, salario_base) VALUES
    ('ELECTRICIDAD', 1800),
    ('MOTOR', 1700),
    ('MECANICA', 1600),
    ('INTERIOR', 1750)

-- Tabla Propietario
CREATE TABLE Propietario (
    id INTEGER PRIMARY KEY AUTOINCREMENT,
    dni VARCHAR(9),
    nombre VARCHAR(30),
    apellidos VARCHAR(100),
    telefono VARCHAR(20)
)

-- Tabla Vehiculo
CREATE TABLE IF NOT EXISTS Vehiculo (
    id INTEGER PRIMARY KEY AUTOINCREMENT,
    marca VARCHAR(50),
    modelo VARCHAR(50),
    matricula VARCHAR(10),
    fecha_matriculacion DATE,
    fecha_ultima_revision DATE,
    dni_propietario VARCHAR(9),
    FOREIGN KEY (dni_propietario) REFERENCES Propietario(dni)
)

-- Tabla Trabajador
CREATE TABLE IF NOT EXISTS Trabajador (
    id INTEGER PRIMARY KEY AUTOINCREMENT,
    nombre VARCHAR(30),
    telefono VARCHAR(20),
    email VARCHAR(100),
    nombreUsuario VARCHAR(20),
    password VARCHAR(100),
    especialidad_trabajador VARCHAR(20),
    isResponsable INTEGER,
    salario DECIMAL(10, 2),
    fecha_contratacion DATE,
    FOREIGN KEY (especialidad_trabajador) REFERENCES Especialidad(nombre)
)

-- Tabla Cita
CREATE TABLE IF NOT EXISTS Cita (
    id INTEGER PRIMARY KEY AUTOINCREMENT,
    id_trabajador INTEGER,
    id_vehiculo INTEGER,
    fecha DATETIME,
    hora VARCHAR(5),
    FOREIGN KEY (id_trabajador) REFERENCES Trabajador(id),
    FOREIGN KEY (id_vehiculo) REFERENCES Vehiculo(id)
)

-- Tabla Informe
CREATE TABLE IF NOT EXISTS Informe (
    id INTEGER PRIMARY KEY AUTOINCREMENT,
    frenado DECIMAL(2, 2),
    frenadoIsApto INTEGER,
    contaminacion DECIMAL(2, 2),
    lucesIsApto INTEGER,
    id_cita INTEGER,
    id_trabajador INTEGER,
    id_vehiculo INT,
    dni_propietario VARCHAR(9),
    isFavorable INTEGER,
    FOREIGN KEY (id_cita) REFERENCES Cita(id),
    FOREIGN KEY (id_trabajador) REFERENCES Trabajador(id),
    FOREIGN KEY (id_vehiculo) REFERENCES Vehiculo(id),
    FOREIGN KEY (dni_propietario) REFERENCES Propietario(dni)
)

05:00:05.797 [Test worker] INFO db.DatabaseManager - Datos iniciales cargados
05:00:05.798 [Test worker] DEBUG db.DatabaseManager - Conexión a la Base de Datos ya establecida
05:00:05.798 [Test worker] INFO db.DatabaseManager - Ejecutando consulta: SELECT * FROM vehiculo con parámetros: []
05:00:05.799 [Test worker] INFO db.DatabaseManager - Conexión con la base de datos cerrada
05:00:05.800 [Test worker] INFO db.DatabaseManager - Conexión establecida con la base de datos: jdbc:sqlite:Pepilandia.db
05:00:05.801 [Test worker] INFO db.DatabaseManager - Ejecutando consulta: INSERT INTO vehiculo (marca, modelo, matricula, fecha_matriculacion, fecha_ultima_revision, dni_propietario) VALUES (?, ?, ?, ?, ?, ?) con parámetros: [Seat, Ibiza, 2346JUT, 2019-01-01, 2020-01-01, 12345678A]
05:00:05.806 [Test worker] INFO db.DatabaseManager - Conexión con la base de datos cerrada
05:00:05.807 [Test worker] INFO db.DatabaseManager - Conexión establecida con la base de datos: jdbc:sqlite:Pepilandia.db
05:00:05.808 [Test worker] INFO db.DatabaseManager - Ejecutando consulta: SELECT * FROM vehiculo WHERE id = ? con parámetros: [1]
05:00:05.808 [Test worker] INFO db.DatabaseManager - Conexión con la base de datos cerrada
/C:/Users/Sergio/Desktop/FP/2o/EntregasExtraordinarias/Pepilandia/SQLite/build/resources/main/config.properties
05:00:05.811 [Test worker] INFO db.DatabaseManager - Conexión establecida con la base de datos: jdbc:sqlite:Pepilandia.db
--init-sql--
DROP TABLE IF EXISTS Trabajador

DROP TABLE IF EXISTS Informe

DROP TABLE IF EXISTS Especialidad

DROP TABLE IF EXISTS Propietario

DROP TABLE IF EXISTS Vehiculo

DROP TABLE IF EXISTS Cita

-- Tabla Especialidad
CREATE TABLE IF NOT EXISTS Especialidad (
    nombre VARCHAR(20) PRIMARY KEY,
    salario_base DECIMAL(10, 2)
)

-- Insertar datos en la tabla Especialidad
INSERT INTO Especialidad (nombre, salario_base) VALUES
    ('ELECTRICIDAD', 1800),
    ('MOTOR', 1700),
    ('MECANICA', 1600),
    ('INTERIOR', 1750)

-- Tabla Propietario
CREATE TABLE Propietario (
    id INTEGER PRIMARY KEY AUTOINCREMENT,
    dni VARCHAR(9),
    nombre VARCHAR(30),
    apellidos VARCHAR(100),
    telefono VARCHAR(20)
)

-- Tabla Vehiculo
CREATE TABLE IF NOT EXISTS Vehiculo (
    id INTEGER PRIMARY KEY AUTOINCREMENT,
    marca VARCHAR(50),
    modelo VARCHAR(50),
    matricula VARCHAR(10),
    fecha_matriculacion DATE,
    fecha_ultima_revision DATE,
    dni_propietario VARCHAR(9),
    FOREIGN KEY (dni_propietario) REFERENCES Propietario(dni)
)

-- Tabla Trabajador
CREATE TABLE IF NOT EXISTS Trabajador (
    id INTEGER PRIMARY KEY AUTOINCREMENT,
    nombre VARCHAR(30),
    telefono VARCHAR(20),
    email VARCHAR(100),
    nombreUsuario VARCHAR(20),
    password VARCHAR(100),
    especialidad_trabajador VARCHAR(20),
    isResponsable INTEGER,
    salario DECIMAL(10, 2),
    fecha_contratacion DATE,
    FOREIGN KEY (especialidad_trabajador) REFERENCES Especialidad(nombre)
)

-- Tabla Cita
CREATE TABLE IF NOT EXISTS Cita (
    id INTEGER PRIMARY KEY AUTOINCREMENT,
    id_trabajador INTEGER,
    id_vehiculo INTEGER,
    fecha DATETIME,
    hora VARCHAR(5),
    FOREIGN KEY (id_trabajador) REFERENCES Trabajador(id),
    FOREIGN KEY (id_vehiculo) REFERENCES Vehiculo(id)
)

-- Tabla Informe
CREATE TABLE IF NOT EXISTS Informe (
    id INTEGER PRIMARY KEY AUTOINCREMENT,
    frenado DECIMAL(2, 2),
    frenadoIsApto INTEGER,
    contaminacion DECIMAL(2, 2),
    lucesIsApto INTEGER,
    id_cita INTEGER,
    id_trabajador INTEGER,
    id_vehiculo INT,
    dni_propietario VARCHAR(9),
    isFavorable INTEGER,
    FOREIGN KEY (id_cita) REFERENCES Cita(id),
    FOREIGN KEY (id_trabajador) REFERENCES Trabajador(id),
    FOREIGN KEY (id_vehiculo) REFERENCES Vehiculo(id),
    FOREIGN KEY (dni_propietario) REFERENCES Propietario(dni)
)

05:00:05.825 [Test worker] INFO db.DatabaseManager - Datos iniciales cargados
05:00:05.826 [Test worker] DEBUG db.DatabaseManager - Conexión a la Base de Datos ya establecida
05:00:05.826 [Test worker] INFO db.DatabaseManager - Ejecutando consulta: SELECT * FROM vehiculo con parámetros: []
05:00:05.827 [Test worker] INFO db.DatabaseManager - Conexión con la base de datos cerrada
05:00:05.832 [Test worker] INFO db.DatabaseManager - Conexión establecida con la base de datos: jdbc:sqlite:Pepilandia.db
05:00:05.833 [Test worker] INFO db.DatabaseManager - Ejecutando consulta: INSERT INTO vehiculo (marca, modelo, matricula, fecha_matriculacion, fecha_ultima_revision, dni_propietario) VALUES (?, ?, ?, ?, ?, ?) con parámetros: [Seat, Ibiza, 2346JUT, 2019-01-01, 2020-01-01, 12345678A]
05:00:05.837 [Test worker] INFO db.DatabaseManager - Conexión con la base de datos cerrada
05:00:05.838 [Test worker] INFO db.DatabaseManager - Conexión establecida con la base de datos: jdbc:sqlite:Pepilandia.db
05:00:05.839 [Test worker] INFO db.DatabaseManager - Ejecutando consulta: SELECT * FROM vehiculo WHERE dni_propietario = ? con parámetros: [12345678A]
05:00:05.839 [Test worker] INFO db.DatabaseManager - Conexión con la base de datos cerrada
/C:/Users/Sergio/Desktop/FP/2o/EntregasExtraordinarias/Pepilandia/SQLite/build/resources/main/config.properties
05:00:05.842 [Test worker] INFO db.DatabaseManager - Conexión establecida con la base de datos: jdbc:sqlite:Pepilandia.db
--init-sql--
DROP TABLE IF EXISTS Trabajador

DROP TABLE IF EXISTS Informe

DROP TABLE IF EXISTS Especialidad

DROP TABLE IF EXISTS Propietario

DROP TABLE IF EXISTS Vehiculo

DROP TABLE IF EXISTS Cita

-- Tabla Especialidad
CREATE TABLE IF NOT EXISTS Especialidad (
    nombre VARCHAR(20) PRIMARY KEY,
    salario_base DECIMAL(10, 2)
)

-- Insertar datos en la tabla Especialidad
INSERT INTO Especialidad (nombre, salario_base) VALUES
    ('ELECTRICIDAD', 1800),
    ('MOTOR', 1700),
    ('MECANICA', 1600),
    ('INTERIOR', 1750)

-- Tabla Propietario
CREATE TABLE Propietario (
    id INTEGER PRIMARY KEY AUTOINCREMENT,
    dni VARCHAR(9),
    nombre VARCHAR(30),
    apellidos VARCHAR(100),
    telefono VARCHAR(20)
)

-- Tabla Vehiculo
CREATE TABLE IF NOT EXISTS Vehiculo (
    id INTEGER PRIMARY KEY AUTOINCREMENT,
    marca VARCHAR(50),
    modelo VARCHAR(50),
    matricula VARCHAR(10),
    fecha_matriculacion DATE,
    fecha_ultima_revision DATE,
    dni_propietario VARCHAR(9),
    FOREIGN KEY (dni_propietario) REFERENCES Propietario(dni)
)

-- Tabla Trabajador
CREATE TABLE IF NOT EXISTS Trabajador (
    id INTEGER PRIMARY KEY AUTOINCREMENT,
    nombre VARCHAR(30),
    telefono VARCHAR(20),
    email VARCHAR(100),
    nombreUsuario VARCHAR(20),
    password VARCHAR(100),
    especialidad_trabajador VARCHAR(20),
    isResponsable INTEGER,
    salario DECIMAL(10, 2),
    fecha_contratacion DATE,
    FOREIGN KEY (especialidad_trabajador) REFERENCES Especialidad(nombre)
)

-- Tabla Cita
CREATE TABLE IF NOT EXISTS Cita (
    id INTEGER PRIMARY KEY AUTOINCREMENT,
    id_trabajador INTEGER,
    id_vehiculo INTEGER,
    fecha DATETIME,
    hora VARCHAR(5),
    FOREIGN KEY (id_trabajador) REFERENCES Trabajador(id),
    FOREIGN KEY (id_vehiculo) REFERENCES Vehiculo(id)
)

-- Tabla Informe
CREATE TABLE IF NOT EXISTS Informe (
    id INTEGER PRIMARY KEY AUTOINCREMENT,
    frenado DECIMAL(2, 2),
    frenadoIsApto INTEGER,
    contaminacion DECIMAL(2, 2),
    lucesIsApto INTEGER,
    id_cita INTEGER,
    id_trabajador INTEGER,
    id_vehiculo INT,
    dni_propietario VARCHAR(9),
    isFavorable INTEGER,
    FOREIGN KEY (id_cita) REFERENCES Cita(id),
    FOREIGN KEY (id_trabajador) REFERENCES Trabajador(id),
    FOREIGN KEY (id_vehiculo) REFERENCES Vehiculo(id),
    FOREIGN KEY (dni_propietario) REFERENCES Propietario(dni)
)

05:00:05.874 [Test worker] INFO db.DatabaseManager - Datos iniciales cargados
05:00:05.875 [Test worker] DEBUG db.DatabaseManager - Conexión a la Base de Datos ya establecida
05:00:05.875 [Test worker] INFO db.DatabaseManager - Ejecutando consulta: SELECT * FROM vehiculo con parámetros: []
05:00:05.875 [Test worker] INFO db.DatabaseManager - Conexión con la base de datos cerrada
05:00:05.877 [Test worker] INFO db.DatabaseManager - Conexión establecida con la base de datos: jdbc:sqlite:Pepilandia.db
05:00:05.877 [Test worker] INFO db.DatabaseManager - Ejecutando consulta: INSERT INTO vehiculo (marca, modelo, matricula, fecha_matriculacion, fecha_ultima_revision, dni_propietario) VALUES (?, ?, ?, ?, ?, ?) con parámetros: [Seat, Ibiza, 2346JUT, 2019-01-01, 2020-01-01, 12345678A]
05:00:05.880 [Test worker] INFO db.DatabaseManager - Conexión con la base de datos cerrada
05:00:05.882 [Test worker] INFO db.DatabaseManager - Conexión establecida con la base de datos: jdbc:sqlite:Pepilandia.db
05:00:05.882 [Test worker] INFO db.DatabaseManager - Ejecutando consulta: SELECT * FROM vehiculo WHERE modelo = ? con parámetros: [Ibiza]
05:00:05.883 [Test worker] INFO db.DatabaseManager - Conexión con la base de datos cerrada
/C:/Users/Sergio/Desktop/FP/2o/EntregasExtraordinarias/Pepilandia/SQLite/build/resources/main/config.properties
05:00:05.886 [Test worker] INFO db.DatabaseManager - Conexión establecida con la base de datos: jdbc:sqlite:Pepilandia.db
--init-sql--
DROP TABLE IF EXISTS Trabajador

DROP TABLE IF EXISTS Informe

DROP TABLE IF EXISTS Especialidad

DROP TABLE IF EXISTS Propietario

DROP TABLE IF EXISTS Vehiculo

DROP TABLE IF EXISTS Cita

-- Tabla Especialidad
CREATE TABLE IF NOT EXISTS Especialidad (
    nombre VARCHAR(20) PRIMARY KEY,
    salario_base DECIMAL(10, 2)
)

-- Insertar datos en la tabla Especialidad
INSERT INTO Especialidad (nombre, salario_base) VALUES
    ('ELECTRICIDAD', 1800),
    ('MOTOR', 1700),
    ('MECANICA', 1600),
    ('INTERIOR', 1750)

-- Tabla Propietario
CREATE TABLE Propietario (
    id INTEGER PRIMARY KEY AUTOINCREMENT,
    dni VARCHAR(9),
    nombre VARCHAR(30),
    apellidos VARCHAR(100),
    telefono VARCHAR(20)
)

-- Tabla Vehiculo
CREATE TABLE IF NOT EXISTS Vehiculo (
    id INTEGER PRIMARY KEY AUTOINCREMENT,
    marca VARCHAR(50),
    modelo VARCHAR(50),
    matricula VARCHAR(10),
    fecha_matriculacion DATE,
    fecha_ultima_revision DATE,
    dni_propietario VARCHAR(9),
    FOREIGN KEY (dni_propietario) REFERENCES Propietario(dni)
)

-- Tabla Trabajador
CREATE TABLE IF NOT EXISTS Trabajador (
    id INTEGER PRIMARY KEY AUTOINCREMENT,
    nombre VARCHAR(30),
    telefono VARCHAR(20),
    email VARCHAR(100),
    nombreUsuario VARCHAR(20),
    password VARCHAR(100),
    especialidad_trabajador VARCHAR(20),
    isResponsable INTEGER,
    salario DECIMAL(10, 2),
    fecha_contratacion DATE,
    FOREIGN KEY (especialidad_trabajador) REFERENCES Especialidad(nombre)
)

-- Tabla Cita
CREATE TABLE IF NOT EXISTS Cita (
    id INTEGER PRIMARY KEY AUTOINCREMENT,
    id_trabajador INTEGER,
    id_vehiculo INTEGER,
    fecha DATETIME,
    hora VARCHAR(5),
    FOREIGN KEY (id_trabajador) REFERENCES Trabajador(id),
    FOREIGN KEY (id_vehiculo) REFERENCES Vehiculo(id)
)

-- Tabla Informe
CREATE TABLE IF NOT EXISTS Informe (
    id INTEGER PRIMARY KEY AUTOINCREMENT,
    frenado DECIMAL(2, 2),
    frenadoIsApto INTEGER,
    contaminacion DECIMAL(2, 2),
    lucesIsApto INTEGER,
    id_cita INTEGER,
    id_trabajador INTEGER,
    id_vehiculo INT,
    dni_propietario VARCHAR(9),
    isFavorable INTEGER,
    FOREIGN KEY (id_cita) REFERENCES Cita(id),
    FOREIGN KEY (id_trabajador) REFERENCES Trabajador(id),
    FOREIGN KEY (id_vehiculo) REFERENCES Vehiculo(id),
    FOREIGN KEY (dni_propietario) REFERENCES Propietario(dni)
)

05:00:05.897 [Test worker] INFO db.DatabaseManager - Datos iniciales cargados
05:00:05.898 [Test worker] DEBUG db.DatabaseManager - Conexión a la Base de Datos ya establecida
05:00:05.898 [Test worker] INFO db.DatabaseManager - Ejecutando consulta: SELECT * FROM vehiculo con parámetros: []
05:00:05.898 [Test worker] INFO db.DatabaseManager - Conexión con la base de datos cerrada
05:00:05.900 [Test worker] INFO db.DatabaseManager - Conexión establecida con la base de datos: jdbc:sqlite:Pepilandia.db
05:00:05.900 [Test worker] INFO db.DatabaseManager - Ejecutando consulta: INSERT INTO vehiculo (marca, modelo, matricula, fecha_matriculacion, fecha_ultima_revision, dni_propietario) VALUES (?, ?, ?, ?, ?, ?) con parámetros: [Seat, Ibiza, 2346JUT, 2019-01-01, 2020-01-01, 12345678A]
05:00:05.904 [Test worker] INFO db.DatabaseManager - Conexión con la base de datos cerrada
05:00:05.906 [Test worker] INFO db.DatabaseManager - Conexión establecida con la base de datos: jdbc:sqlite:Pepilandia.db
05:00:05.909 [Test worker] INFO db.DatabaseManager - Ejecutando consulta: SELECT * FROM vehiculo WHERE matricula = ? con parámetros: [2346JUT]
05:00:05.910 [Test worker] INFO db.DatabaseManager - Conexión con la base de datos cerrada
]]></system-out>
  <system-err><![CDATA[]]></system-err>
</testsuite>
