<?xml version="1.0" encoding="UTF-8"?>
<testsuite name="repository.citaRepository.CitaRepositoryImplTest" tests="5" skipped="0" failures="0" errors="0" timestamp="2023-06-19T02:59:58" hostname="LAPTOPAMEBA" time="0.186">
  <properties/>
  <testcase name="delete()" classname="repository.citaRepository.CitaRepositoryImplTest" time="0.036"/>
  <testcase name="findAll()" classname="repository.citaRepository.CitaRepositoryImplTest" time="0.032"/>
  <testcase name="update()" classname="repository.citaRepository.CitaRepositoryImplTest" time="0.024"/>
  <testcase name="findById()" classname="repository.citaRepository.CitaRepositoryImplTest" time="0.013"/>
  <testcase name="save()" classname="repository.citaRepository.CitaRepositoryImplTest" time="0.014"/>
  <system-out><![CDATA[/C:/Users/Sergio/Desktop/FP/2o/EntregasExtraordinarias/Pepilandia/SQLite/build/resources/main/config.properties
04:59:58.254 [Test worker] INFO db.DatabaseManager - Conexión establecida con la base de datos: jdbc:sqlite:Pepilandia.db
--init-sql--
DROP TABLE IF EXISTS Trabajador

DROP TABLE IF EXISTS Informe

DROP TABLE IF EXISTS Especialidad

DROP TABLE IF EXISTS Propietario

DROP TABLE IF EXISTS Vehiculo

DROP TABLE IF EXISTS Cita

-- Tabla Especialidad
CREATE TABLE IF NOT EXISTS Especialidad (
    nombre VARCHAR(20) PRIMARY KEY,
    salario_base DECIMAL(10, 2)
)

-- Insertar datos en la tabla Especialidad
INSERT INTO Especialidad (nombre, salario_base) VALUES
    ('ELECTRICIDAD', 1800),
    ('MOTOR', 1700),
    ('MECANICA', 1600),
    ('INTERIOR', 1750)

-- Tabla Propietario
CREATE TABLE Propietario (
    id INTEGER PRIMARY KEY AUTOINCREMENT,
    dni VARCHAR(9),
    nombre VARCHAR(30),
    apellidos VARCHAR(100),
    telefono VARCHAR(20)
)

-- Tabla Vehiculo
CREATE TABLE IF NOT EXISTS Vehiculo (
    id INTEGER PRIMARY KEY AUTOINCREMENT,
    marca VARCHAR(50),
    modelo VARCHAR(50),
    matricula VARCHAR(10),
    fecha_matriculacion DATE,
    fecha_ultima_revision DATE,
    dni_propietario VARCHAR(9),
    FOREIGN KEY (dni_propietario) REFERENCES Propietario(dni)
)

-- Tabla Trabajador
CREATE TABLE IF NOT EXISTS Trabajador (
    id INTEGER PRIMARY KEY AUTOINCREMENT,
    nombre VARCHAR(30),
    telefono VARCHAR(20),
    email VARCHAR(100),
    nombreUsuario VARCHAR(20),
    password VARCHAR(100),
    especialidad_trabajador VARCHAR(20),
    isResponsable INTEGER,
    salario DECIMAL(10, 2),
    fecha_contratacion DATE,
    FOREIGN KEY (especialidad_trabajador) REFERENCES Especialidad(nombre)
)

-- Tabla Cita
CREATE TABLE IF NOT EXISTS Cita (
    id INTEGER PRIMARY KEY AUTOINCREMENT,
    id_trabajador INTEGER,
    id_vehiculo INTEGER,
    fecha DATETIME,
    hora VARCHAR(5),
    FOREIGN KEY (id_trabajador) REFERENCES Trabajador(id),
    FOREIGN KEY (id_vehiculo) REFERENCES Vehiculo(id)
)

-- Tabla Informe
CREATE TABLE IF NOT EXISTS Informe (
    id INTEGER PRIMARY KEY AUTOINCREMENT,
    frenado DECIMAL(2, 2),
    frenadoIsApto INTEGER,
    contaminacion DECIMAL(2, 2),
    lucesIsApto INTEGER,
    id_cita INTEGER,
    id_trabajador INTEGER,
    id_vehiculo INT,
    dni_propietario VARCHAR(9),
    isFavorable INTEGER,
    FOREIGN KEY (id_cita) REFERENCES Cita(id),
    FOREIGN KEY (id_trabajador) REFERENCES Trabajador(id),
    FOREIGN KEY (id_vehiculo) REFERENCES Vehiculo(id),
    FOREIGN KEY (dni_propietario) REFERENCES Propietario(dni)
)

04:59:58.263 [Test worker] INFO db.DatabaseManager - Datos iniciales cargados
04:59:58.264 [Test worker] DEBUG db.DatabaseManager - Conexión a la Base de Datos ya establecida
04:59:58.264 [Test worker] INFO db.DatabaseManager - Ejecutando consulta: SELECT * FROM cita con parámetros: []
04:59:58.265 [Test worker] INFO db.DatabaseManager - Conexión con la base de datos cerrada
04:59:58.268 [Test worker] INFO db.DatabaseManager - Conexión establecida con la base de datos: jdbc:sqlite:Pepilandia.db
04:59:58.269 [Test worker] INFO db.DatabaseManager - Ejecutando consulta: INSERT INTO cita(id_trabajador, id_vehiculo, fecha, hora) VALUES (?, ?, ?, ?) con parámetros: [1, 1, 2021-05-05, 10:00]
04:59:58.280 [Test worker] INFO db.DatabaseManager - Conexión con la base de datos cerrada
04:59:58.284 [Test worker] INFO db.DatabaseManager - Conexión establecida con la base de datos: jdbc:sqlite:Pepilandia.db
04:59:58.284 [Test worker] INFO db.DatabaseManager - Ejecutando consulta: INSERT INTO cita(id_trabajador, id_vehiculo, fecha, hora) VALUES (?, ?, ?, ?) con parámetros: [2, 2, 2021-05-05, 10:00]
04:59:58.289 [Test worker] INFO db.DatabaseManager - Conexión con la base de datos cerrada
04:59:58.291 [Test worker] INFO db.DatabaseManager - Conexión establecida con la base de datos: jdbc:sqlite:Pepilandia.db
04:59:58.292 [Test worker] INFO db.DatabaseManager - Ejecutando consulta: DELETE FROM cita WHERE id = ? con parámetros: [1]
04:59:58.296 [Test worker] INFO db.DatabaseManager - Conexión con la base de datos cerrada
04:59:58.298 [Test worker] INFO db.DatabaseManager - Conexión establecida con la base de datos: jdbc:sqlite:Pepilandia.db
04:59:58.298 [Test worker] INFO db.DatabaseManager - Ejecutando consulta: SELECT * FROM cita con parámetros: []
04:59:58.299 [Test worker] INFO db.DatabaseManager - Conexión con la base de datos cerrada
/C:/Users/Sergio/Desktop/FP/2o/EntregasExtraordinarias/Pepilandia/SQLite/build/resources/main/config.properties
04:59:58.302 [Test worker] INFO db.DatabaseManager - Conexión establecida con la base de datos: jdbc:sqlite:Pepilandia.db
--init-sql--
DROP TABLE IF EXISTS Trabajador

DROP TABLE IF EXISTS Informe

DROP TABLE IF EXISTS Especialidad

DROP TABLE IF EXISTS Propietario

DROP TABLE IF EXISTS Vehiculo

DROP TABLE IF EXISTS Cita

-- Tabla Especialidad
CREATE TABLE IF NOT EXISTS Especialidad (
    nombre VARCHAR(20) PRIMARY KEY,
    salario_base DECIMAL(10, 2)
)

-- Insertar datos en la tabla Especialidad
INSERT INTO Especialidad (nombre, salario_base) VALUES
    ('ELECTRICIDAD', 1800),
    ('MOTOR', 1700),
    ('MECANICA', 1600),
    ('INTERIOR', 1750)

-- Tabla Propietario
CREATE TABLE Propietario (
    id INTEGER PRIMARY KEY AUTOINCREMENT,
    dni VARCHAR(9),
    nombre VARCHAR(30),
    apellidos VARCHAR(100),
    telefono VARCHAR(20)
)

-- Tabla Vehiculo
CREATE TABLE IF NOT EXISTS Vehiculo (
    id INTEGER PRIMARY KEY AUTOINCREMENT,
    marca VARCHAR(50),
    modelo VARCHAR(50),
    matricula VARCHAR(10),
    fecha_matriculacion DATE,
    fecha_ultima_revision DATE,
    dni_propietario VARCHAR(9),
    FOREIGN KEY (dni_propietario) REFERENCES Propietario(dni)
)

-- Tabla Trabajador
CREATE TABLE IF NOT EXISTS Trabajador (
    id INTEGER PRIMARY KEY AUTOINCREMENT,
    nombre VARCHAR(30),
    telefono VARCHAR(20),
    email VARCHAR(100),
    nombreUsuario VARCHAR(20),
    password VARCHAR(100),
    especialidad_trabajador VARCHAR(20),
    isResponsable INTEGER,
    salario DECIMAL(10, 2),
    fecha_contratacion DATE,
    FOREIGN KEY (especialidad_trabajador) REFERENCES Especialidad(nombre)
)

-- Tabla Cita
CREATE TABLE IF NOT EXISTS Cita (
    id INTEGER PRIMARY KEY AUTOINCREMENT,
    id_trabajador INTEGER,
    id_vehiculo INTEGER,
    fecha DATETIME,
    hora VARCHAR(5),
    FOREIGN KEY (id_trabajador) REFERENCES Trabajador(id),
    FOREIGN KEY (id_vehiculo) REFERENCES Vehiculo(id)
)

-- Tabla Informe
CREATE TABLE IF NOT EXISTS Informe (
    id INTEGER PRIMARY KEY AUTOINCREMENT,
    frenado DECIMAL(2, 2),
    frenadoIsApto INTEGER,
    contaminacion DECIMAL(2, 2),
    lucesIsApto INTEGER,
    id_cita INTEGER,
    id_trabajador INTEGER,
    id_vehiculo INT,
    dni_propietario VARCHAR(9),
    isFavorable INTEGER,
    FOREIGN KEY (id_cita) REFERENCES Cita(id),
    FOREIGN KEY (id_trabajador) REFERENCES Trabajador(id),
    FOREIGN KEY (id_vehiculo) REFERENCES Vehiculo(id),
    FOREIGN KEY (dni_propietario) REFERENCES Propietario(dni)
)

04:59:58.310 [Test worker] INFO db.DatabaseManager - Datos iniciales cargados
04:59:58.312 [Test worker] DEBUG db.DatabaseManager - Conexión a la Base de Datos ya establecida
04:59:58.312 [Test worker] INFO db.DatabaseManager - Ejecutando consulta: SELECT * FROM cita con parámetros: []
04:59:58.312 [Test worker] INFO db.DatabaseManager - Conexión con la base de datos cerrada
04:59:58.316 [Test worker] INFO db.DatabaseManager - Conexión establecida con la base de datos: jdbc:sqlite:Pepilandia.db
04:59:58.317 [Test worker] INFO db.DatabaseManager - Ejecutando consulta: INSERT INTO cita(id_trabajador, id_vehiculo, fecha, hora) VALUES (?, ?, ?, ?) con parámetros: [1, 1, 2021-05-05, 10:00]
04:59:58.325 [Test worker] INFO db.DatabaseManager - Conexión con la base de datos cerrada
04:59:58.330 [Test worker] INFO db.DatabaseManager - Conexión establecida con la base de datos: jdbc:sqlite:Pepilandia.db
04:59:58.330 [Test worker] INFO db.DatabaseManager - Ejecutando consulta: INSERT INTO cita(id_trabajador, id_vehiculo, fecha, hora) VALUES (?, ?, ?, ?) con parámetros: [2, 2, 2021-05-05, 10:00]
04:59:58.338 [Test worker] INFO db.DatabaseManager - Conexión con la base de datos cerrada
04:59:58.342 [Test worker] INFO db.DatabaseManager - Conexión establecida con la base de datos: jdbc:sqlite:Pepilandia.db
04:59:58.343 [Test worker] INFO db.DatabaseManager - Ejecutando consulta: SELECT * FROM cita con parámetros: []
04:59:58.343 [Test worker] INFO db.DatabaseManager - Conexión con la base de datos cerrada
/C:/Users/Sergio/Desktop/FP/2o/EntregasExtraordinarias/Pepilandia/SQLite/build/resources/main/config.properties
04:59:58.346 [Test worker] INFO db.DatabaseManager - Conexión establecida con la base de datos: jdbc:sqlite:Pepilandia.db
--init-sql--
DROP TABLE IF EXISTS Trabajador

DROP TABLE IF EXISTS Informe

DROP TABLE IF EXISTS Especialidad

DROP TABLE IF EXISTS Propietario

DROP TABLE IF EXISTS Vehiculo

DROP TABLE IF EXISTS Cita

-- Tabla Especialidad
CREATE TABLE IF NOT EXISTS Especialidad (
    nombre VARCHAR(20) PRIMARY KEY,
    salario_base DECIMAL(10, 2)
)

-- Insertar datos en la tabla Especialidad
INSERT INTO Especialidad (nombre, salario_base) VALUES
    ('ELECTRICIDAD', 1800),
    ('MOTOR', 1700),
    ('MECANICA', 1600),
    ('INTERIOR', 1750)

-- Tabla Propietario
CREATE TABLE Propietario (
    id INTEGER PRIMARY KEY AUTOINCREMENT,
    dni VARCHAR(9),
    nombre VARCHAR(30),
    apellidos VARCHAR(100),
    telefono VARCHAR(20)
)

-- Tabla Vehiculo
CREATE TABLE IF NOT EXISTS Vehiculo (
    id INTEGER PRIMARY KEY AUTOINCREMENT,
    marca VARCHAR(50),
    modelo VARCHAR(50),
    matricula VARCHAR(10),
    fecha_matriculacion DATE,
    fecha_ultima_revision DATE,
    dni_propietario VARCHAR(9),
    FOREIGN KEY (dni_propietario) REFERENCES Propietario(dni)
)

-- Tabla Trabajador
CREATE TABLE IF NOT EXISTS Trabajador (
    id INTEGER PRIMARY KEY AUTOINCREMENT,
    nombre VARCHAR(30),
    telefono VARCHAR(20),
    email VARCHAR(100),
    nombreUsuario VARCHAR(20),
    password VARCHAR(100),
    especialidad_trabajador VARCHAR(20),
    isResponsable INTEGER,
    salario DECIMAL(10, 2),
    fecha_contratacion DATE,
    FOREIGN KEY (especialidad_trabajador) REFERENCES Especialidad(nombre)
)

-- Tabla Cita
CREATE TABLE IF NOT EXISTS Cita (
    id INTEGER PRIMARY KEY AUTOINCREMENT,
    id_trabajador INTEGER,
    id_vehiculo INTEGER,
    fecha DATETIME,
    hora VARCHAR(5),
    FOREIGN KEY (id_trabajador) REFERENCES Trabajador(id),
    FOREIGN KEY (id_vehiculo) REFERENCES Vehiculo(id)
)

-- Tabla Informe
CREATE TABLE IF NOT EXISTS Informe (
    id INTEGER PRIMARY KEY AUTOINCREMENT,
    frenado DECIMAL(2, 2),
    frenadoIsApto INTEGER,
    contaminacion DECIMAL(2, 2),
    lucesIsApto INTEGER,
    id_cita INTEGER,
    id_trabajador INTEGER,
    id_vehiculo INT,
    dni_propietario VARCHAR(9),
    isFavorable INTEGER,
    FOREIGN KEY (id_cita) REFERENCES Cita(id),
    FOREIGN KEY (id_trabajador) REFERENCES Trabajador(id),
    FOREIGN KEY (id_vehiculo) REFERENCES Vehiculo(id),
    FOREIGN KEY (dni_propietario) REFERENCES Propietario(dni)
)

04:59:58.359 [Test worker] INFO db.DatabaseManager - Datos iniciales cargados
04:59:58.360 [Test worker] DEBUG db.DatabaseManager - Conexión a la Base de Datos ya establecida
04:59:58.360 [Test worker] INFO db.DatabaseManager - Ejecutando consulta: SELECT * FROM cita con parámetros: []
04:59:58.361 [Test worker] INFO db.DatabaseManager - Conexión con la base de datos cerrada
04:59:58.362 [Test worker] INFO db.DatabaseManager - Conexión establecida con la base de datos: jdbc:sqlite:Pepilandia.db
04:59:58.362 [Test worker] INFO db.DatabaseManager - Ejecutando consulta: INSERT INTO cita(id_trabajador, id_vehiculo, fecha, hora) VALUES (?, ?, ?, ?) con parámetros: [1, 1, 2021-05-05, 10:00]
04:59:58.370 [Test worker] INFO db.DatabaseManager - Conexión con la base de datos cerrada
04:59:58.373 [Test worker] INFO db.DatabaseManager - Conexión establecida con la base de datos: jdbc:sqlite:Pepilandia.db
04:59:58.373 [Test worker] INFO db.DatabaseManager - Ejecutando consulta: UPDATE cita SET id_trabajador = ?, id_vehiculo = ?, fecha = ?, hora = ? WHERE id = ? con parámetros: [2, 2, 2021-05-05, 10:00, 1]
04:59:58.379 [Test worker] INFO db.DatabaseManager - Conexión con la base de datos cerrada
04:59:58.382 [Test worker] INFO db.DatabaseManager - Conexión establecida con la base de datos: jdbc:sqlite:Pepilandia.db
04:59:58.382 [Test worker] INFO db.DatabaseManager - Ejecutando consulta: SELECT * FROM cita con parámetros: []
04:59:58.383 [Test worker] INFO db.DatabaseManager - Conexión con la base de datos cerrada
/C:/Users/Sergio/Desktop/FP/2o/EntregasExtraordinarias/Pepilandia/SQLite/build/resources/main/config.properties
04:59:58.387 [Test worker] INFO db.DatabaseManager - Conexión establecida con la base de datos: jdbc:sqlite:Pepilandia.db
--init-sql--
DROP TABLE IF EXISTS Trabajador

DROP TABLE IF EXISTS Informe

DROP TABLE IF EXISTS Especialidad

DROP TABLE IF EXISTS Propietario

DROP TABLE IF EXISTS Vehiculo

DROP TABLE IF EXISTS Cita

-- Tabla Especialidad
CREATE TABLE IF NOT EXISTS Especialidad (
    nombre VARCHAR(20) PRIMARY KEY,
    salario_base DECIMAL(10, 2)
)

-- Insertar datos en la tabla Especialidad
INSERT INTO Especialidad (nombre, salario_base) VALUES
    ('ELECTRICIDAD', 1800),
    ('MOTOR', 1700),
    ('MECANICA', 1600),
    ('INTERIOR', 1750)

-- Tabla Propietario
CREATE TABLE Propietario (
    id INTEGER PRIMARY KEY AUTOINCREMENT,
    dni VARCHAR(9),
    nombre VARCHAR(30),
    apellidos VARCHAR(100),
    telefono VARCHAR(20)
)

-- Tabla Vehiculo
CREATE TABLE IF NOT EXISTS Vehiculo (
    id INTEGER PRIMARY KEY AUTOINCREMENT,
    marca VARCHAR(50),
    modelo VARCHAR(50),
    matricula VARCHAR(10),
    fecha_matriculacion DATE,
    fecha_ultima_revision DATE,
    dni_propietario VARCHAR(9),
    FOREIGN KEY (dni_propietario) REFERENCES Propietario(dni)
)

-- Tabla Trabajador
CREATE TABLE IF NOT EXISTS Trabajador (
    id INTEGER PRIMARY KEY AUTOINCREMENT,
    nombre VARCHAR(30),
    telefono VARCHAR(20),
    email VARCHAR(100),
    nombreUsuario VARCHAR(20),
    password VARCHAR(100),
    especialidad_trabajador VARCHAR(20),
    isResponsable INTEGER,
    salario DECIMAL(10, 2),
    fecha_contratacion DATE,
    FOREIGN KEY (especialidad_trabajador) REFERENCES Especialidad(nombre)
)

-- Tabla Cita
CREATE TABLE IF NOT EXISTS Cita (
    id INTEGER PRIMARY KEY AUTOINCREMENT,
    id_trabajador INTEGER,
    id_vehiculo INTEGER,
    fecha DATETIME,
    hora VARCHAR(5),
    FOREIGN KEY (id_trabajador) REFERENCES Trabajador(id),
    FOREIGN KEY (id_vehiculo) REFERENCES Vehiculo(id)
)

-- Tabla Informe
CREATE TABLE IF NOT EXISTS Informe (
    id INTEGER PRIMARY KEY AUTOINCREMENT,
    frenado DECIMAL(2, 2),
    frenadoIsApto INTEGER,
    contaminacion DECIMAL(2, 2),
    lucesIsApto INTEGER,
    id_cita INTEGER,
    id_trabajador INTEGER,
    id_vehiculo INT,
    dni_propietario VARCHAR(9),
    isFavorable INTEGER,
    FOREIGN KEY (id_cita) REFERENCES Cita(id),
    FOREIGN KEY (id_trabajador) REFERENCES Trabajador(id),
    FOREIGN KEY (id_vehiculo) REFERENCES Vehiculo(id),
    FOREIGN KEY (dni_propietario) REFERENCES Propietario(dni)
)

04:59:58.395 [Test worker] INFO db.DatabaseManager - Datos iniciales cargados
04:59:58.396 [Test worker] DEBUG db.DatabaseManager - Conexión a la Base de Datos ya establecida
04:59:58.396 [Test worker] INFO db.DatabaseManager - Ejecutando consulta: SELECT * FROM cita con parámetros: []
04:59:58.397 [Test worker] INFO db.DatabaseManager - Conexión con la base de datos cerrada
04:59:58.401 [Test worker] INFO db.DatabaseManager - Conexión establecida con la base de datos: jdbc:sqlite:Pepilandia.db
04:59:58.401 [Test worker] INFO db.DatabaseManager - Ejecutando consulta: INSERT INTO cita(id_trabajador, id_vehiculo, fecha, hora) VALUES (?, ?, ?, ?) con parámetros: [1, 1, 2021-05-05, 10:00]
04:59:58.406 [Test worker] INFO db.DatabaseManager - Conexión con la base de datos cerrada
04:59:58.408 [Test worker] INFO db.DatabaseManager - Conexión establecida con la base de datos: jdbc:sqlite:Pepilandia.db
04:59:58.408 [Test worker] INFO db.DatabaseManager - Ejecutando consulta: SELECT * FROM cita WHERE id = ? con parámetros: [1]
04:59:58.408 [Test worker] INFO db.DatabaseManager - Conexión con la base de datos cerrada
/C:/Users/Sergio/Desktop/FP/2o/EntregasExtraordinarias/Pepilandia/SQLite/build/resources/main/config.properties
04:59:58.417 [Test worker] INFO db.DatabaseManager - Conexión establecida con la base de datos: jdbc:sqlite:Pepilandia.db
--init-sql--
DROP TABLE IF EXISTS Trabajador

DROP TABLE IF EXISTS Informe

DROP TABLE IF EXISTS Especialidad

DROP TABLE IF EXISTS Propietario

DROP TABLE IF EXISTS Vehiculo

DROP TABLE IF EXISTS Cita

-- Tabla Especialidad
CREATE TABLE IF NOT EXISTS Especialidad (
    nombre VARCHAR(20) PRIMARY KEY,
    salario_base DECIMAL(10, 2)
)

-- Insertar datos en la tabla Especialidad
INSERT INTO Especialidad (nombre, salario_base) VALUES
    ('ELECTRICIDAD', 1800),
    ('MOTOR', 1700),
    ('MECANICA', 1600),
    ('INTERIOR', 1750)

-- Tabla Propietario
CREATE TABLE Propietario (
    id INTEGER PRIMARY KEY AUTOINCREMENT,
    dni VARCHAR(9),
    nombre VARCHAR(30),
    apellidos VARCHAR(100),
    telefono VARCHAR(20)
)

-- Tabla Vehiculo
CREATE TABLE IF NOT EXISTS Vehiculo (
    id INTEGER PRIMARY KEY AUTOINCREMENT,
    marca VARCHAR(50),
    modelo VARCHAR(50),
    matricula VARCHAR(10),
    fecha_matriculacion DATE,
    fecha_ultima_revision DATE,
    dni_propietario VARCHAR(9),
    FOREIGN KEY (dni_propietario) REFERENCES Propietario(dni)
)

-- Tabla Trabajador
CREATE TABLE IF NOT EXISTS Trabajador (
    id INTEGER PRIMARY KEY AUTOINCREMENT,
    nombre VARCHAR(30),
    telefono VARCHAR(20),
    email VARCHAR(100),
    nombreUsuario VARCHAR(20),
    password VARCHAR(100),
    especialidad_trabajador VARCHAR(20),
    isResponsable INTEGER,
    salario DECIMAL(10, 2),
    fecha_contratacion DATE,
    FOREIGN KEY (especialidad_trabajador) REFERENCES Especialidad(nombre)
)

-- Tabla Cita
CREATE TABLE IF NOT EXISTS Cita (
    id INTEGER PRIMARY KEY AUTOINCREMENT,
    id_trabajador INTEGER,
    id_vehiculo INTEGER,
    fecha DATETIME,
    hora VARCHAR(5),
    FOREIGN KEY (id_trabajador) REFERENCES Trabajador(id),
    FOREIGN KEY (id_vehiculo) REFERENCES Vehiculo(id)
)

-- Tabla Informe
CREATE TABLE IF NOT EXISTS Informe (
    id INTEGER PRIMARY KEY AUTOINCREMENT,
    frenado DECIMAL(2, 2),
    frenadoIsApto INTEGER,
    contaminacion DECIMAL(2, 2),
    lucesIsApto INTEGER,
    id_cita INTEGER,
    id_trabajador INTEGER,
    id_vehiculo INT,
    dni_propietario VARCHAR(9),
    isFavorable INTEGER,
    FOREIGN KEY (id_cita) REFERENCES Cita(id),
    FOREIGN KEY (id_trabajador) REFERENCES Trabajador(id),
    FOREIGN KEY (id_vehiculo) REFERENCES Vehiculo(id),
    FOREIGN KEY (dni_propietario) REFERENCES Propietario(dni)
)

04:59:58.434 [Test worker] INFO db.DatabaseManager - Datos iniciales cargados
04:59:58.436 [Test worker] DEBUG db.DatabaseManager - Conexión a la Base de Datos ya establecida
04:59:58.437 [Test worker] INFO db.DatabaseManager - Ejecutando consulta: SELECT * FROM cita con parámetros: []
04:59:58.437 [Test worker] INFO db.DatabaseManager - Conexión con la base de datos cerrada
04:59:58.439 [Test worker] INFO db.DatabaseManager - Conexión establecida con la base de datos: jdbc:sqlite:Pepilandia.db
04:59:58.439 [Test worker] INFO db.DatabaseManager - Ejecutando consulta: INSERT INTO cita(id_trabajador, id_vehiculo, fecha, hora) VALUES (?, ?, ?, ?) con parámetros: [1, 1, 2021-05-05, 10:00]
04:59:58.447 [Test worker] INFO db.DatabaseManager - Conexión con la base de datos cerrada
04:59:58.449 [Test worker] INFO db.DatabaseManager - Conexión establecida con la base de datos: jdbc:sqlite:Pepilandia.db
04:59:58.449 [Test worker] INFO db.DatabaseManager - Ejecutando consulta: SELECT * FROM cita con parámetros: []
04:59:58.450 [Test worker] INFO db.DatabaseManager - Conexión con la base de datos cerrada
]]></system-out>
  <system-err><![CDATA[]]></system-err>
</testsuite>
