<?xml version="1.0" encoding="UTF-8"?>
<testsuite name="repository.informeRepository.InformeRepositoryImplTest" tests="6" skipped="0" failures="0" errors="0" timestamp="2023-06-19T02:59:58" hostname="LAPTOPAMEBA" time="0.281">
  <properties/>
  <testcase name="delete()" classname="repository.informeRepository.InformeRepositoryImplTest" time="0.037"/>
  <testcase name="findAll()" classname="repository.informeRepository.InformeRepositoryImplTest" time="0.027"/>
  <testcase name="update()" classname="repository.informeRepository.InformeRepositoryImplTest" time="0.043"/>
  <testcase name="findById()" classname="repository.informeRepository.InformeRepositoryImplTest" time="0.014"/>
  <testcase name="findByIsFavorable()" classname="repository.informeRepository.InformeRepositoryImplTest" time="0.017"/>
  <testcase name="save()" classname="repository.informeRepository.InformeRepositoryImplTest" time="0.031"/>
  <system-out><![CDATA[/C:/Users/Sergio/Desktop/FP/2o/EntregasExtraordinarias/Pepilandia/SQLite/build/resources/main/config.properties
04:59:58.454 [Test worker] INFO db.DatabaseManager - Conexión establecida con la base de datos: jdbc:sqlite:Pepilandia.db
--init-sql--
DROP TABLE IF EXISTS Trabajador

DROP TABLE IF EXISTS Informe

DROP TABLE IF EXISTS Especialidad

DROP TABLE IF EXISTS Propietario

DROP TABLE IF EXISTS Vehiculo

DROP TABLE IF EXISTS Cita

-- Tabla Especialidad
CREATE TABLE IF NOT EXISTS Especialidad (
    nombre VARCHAR(20) PRIMARY KEY,
    salario_base DECIMAL(10, 2)
)

-- Insertar datos en la tabla Especialidad
INSERT INTO Especialidad (nombre, salario_base) VALUES
    ('ELECTRICIDAD', 1800),
    ('MOTOR', 1700),
    ('MECANICA', 1600),
    ('INTERIOR', 1750)

-- Tabla Propietario
CREATE TABLE Propietario (
    id INTEGER PRIMARY KEY AUTOINCREMENT,
    dni VARCHAR(9),
    nombre VARCHAR(30),
    apellidos VARCHAR(100),
    telefono VARCHAR(20)
)

-- Tabla Vehiculo
CREATE TABLE IF NOT EXISTS Vehiculo (
    id INTEGER PRIMARY KEY AUTOINCREMENT,
    marca VARCHAR(50),
    modelo VARCHAR(50),
    matricula VARCHAR(10),
    fecha_matriculacion DATE,
    fecha_ultima_revision DATE,
    dni_propietario VARCHAR(9),
    FOREIGN KEY (dni_propietario) REFERENCES Propietario(dni)
)

-- Tabla Trabajador
CREATE TABLE IF NOT EXISTS Trabajador (
    id INTEGER PRIMARY KEY AUTOINCREMENT,
    nombre VARCHAR(30),
    telefono VARCHAR(20),
    email VARCHAR(100),
    nombreUsuario VARCHAR(20),
    password VARCHAR(100),
    especialidad_trabajador VARCHAR(20),
    isResponsable INTEGER,
    salario DECIMAL(10, 2),
    fecha_contratacion DATE,
    FOREIGN KEY (especialidad_trabajador) REFERENCES Especialidad(nombre)
)

-- Tabla Cita
CREATE TABLE IF NOT EXISTS Cita (
    id INTEGER PRIMARY KEY AUTOINCREMENT,
    id_trabajador INTEGER,
    id_vehiculo INTEGER,
    fecha DATETIME,
    hora VARCHAR(5),
    FOREIGN KEY (id_trabajador) REFERENCES Trabajador(id),
    FOREIGN KEY (id_vehiculo) REFERENCES Vehiculo(id)
)

-- Tabla Informe
CREATE TABLE IF NOT EXISTS Informe (
    id INTEGER PRIMARY KEY AUTOINCREMENT,
    frenado DECIMAL(2, 2),
    frenadoIsApto INTEGER,
    contaminacion DECIMAL(2, 2),
    lucesIsApto INTEGER,
    id_cita INTEGER,
    id_trabajador INTEGER,
    id_vehiculo INT,
    dni_propietario VARCHAR(9),
    isFavorable INTEGER,
    FOREIGN KEY (id_cita) REFERENCES Cita(id),
    FOREIGN KEY (id_trabajador) REFERENCES Trabajador(id),
    FOREIGN KEY (id_vehiculo) REFERENCES Vehiculo(id),
    FOREIGN KEY (dni_propietario) REFERENCES Propietario(dni)
)

04:59:58.464 [Test worker] INFO db.DatabaseManager - Datos iniciales cargados
04:59:58.465 [Test worker] DEBUG db.DatabaseManager - Conexión a la Base de Datos ya establecida
04:59:58.466 [Test worker] INFO db.DatabaseManager - Ejecutando consulta: SELECT * FROM informe con parámetros: []
04:59:58.466 [Test worker] INFO db.DatabaseManager - Conexión con la base de datos cerrada
04:59:58.470 [Test worker] INFO db.DatabaseManager - Conexión establecida con la base de datos: jdbc:sqlite:Pepilandia.db
04:59:58.471 [Test worker] INFO db.DatabaseManager - Ejecutando consulta: INSERT INTO informe (frenado, frenadoIsApto, contaminacion, lucesIsApto, id_cita, id_trabajador, id_vehiculo, dni_propietario, isFavorable) VALUES (?, ?, ?, ?, ?, ?, ?, ?, ?) con parámetros: [2.0, true, 33.0, true, 2, 2, 2, 12345678A, 1]
04:59:58.484 [Test worker] INFO db.DatabaseManager - Conexión con la base de datos cerrada
04:59:58.492 [Test worker] INFO db.DatabaseManager - Conexión establecida con la base de datos: jdbc:sqlite:Pepilandia.db
04:59:58.492 [Test worker] INFO db.DatabaseManager - Ejecutando consulta: DELETE FROM informe WHERE id = ? con parámetros: [1]
04:59:58.497 [Test worker] INFO db.DatabaseManager - Conexión con la base de datos cerrada
04:59:58.500 [Test worker] INFO db.DatabaseManager - Conexión establecida con la base de datos: jdbc:sqlite:Pepilandia.db
04:59:58.500 [Test worker] INFO db.DatabaseManager - Ejecutando consulta: SELECT * FROM informe WHERE id = ? con parámetros: [1]
04:59:58.501 [Test worker] INFO db.DatabaseManager - Conexión con la base de datos cerrada
/C:/Users/Sergio/Desktop/FP/2o/EntregasExtraordinarias/Pepilandia/SQLite/build/resources/main/config.properties
04:59:58.506 [Test worker] INFO db.DatabaseManager - Conexión establecida con la base de datos: jdbc:sqlite:Pepilandia.db
--init-sql--
DROP TABLE IF EXISTS Trabajador

DROP TABLE IF EXISTS Informe

DROP TABLE IF EXISTS Especialidad

DROP TABLE IF EXISTS Propietario

DROP TABLE IF EXISTS Vehiculo

DROP TABLE IF EXISTS Cita

-- Tabla Especialidad
CREATE TABLE IF NOT EXISTS Especialidad (
    nombre VARCHAR(20) PRIMARY KEY,
    salario_base DECIMAL(10, 2)
)

-- Insertar datos en la tabla Especialidad
INSERT INTO Especialidad (nombre, salario_base) VALUES
    ('ELECTRICIDAD', 1800),
    ('MOTOR', 1700),
    ('MECANICA', 1600),
    ('INTERIOR', 1750)

-- Tabla Propietario
CREATE TABLE Propietario (
    id INTEGER PRIMARY KEY AUTOINCREMENT,
    dni VARCHAR(9),
    nombre VARCHAR(30),
    apellidos VARCHAR(100),
    telefono VARCHAR(20)
)

-- Tabla Vehiculo
CREATE TABLE IF NOT EXISTS Vehiculo (
    id INTEGER PRIMARY KEY AUTOINCREMENT,
    marca VARCHAR(50),
    modelo VARCHAR(50),
    matricula VARCHAR(10),
    fecha_matriculacion DATE,
    fecha_ultima_revision DATE,
    dni_propietario VARCHAR(9),
    FOREIGN KEY (dni_propietario) REFERENCES Propietario(dni)
)

-- Tabla Trabajador
CREATE TABLE IF NOT EXISTS Trabajador (
    id INTEGER PRIMARY KEY AUTOINCREMENT,
    nombre VARCHAR(30),
    telefono VARCHAR(20),
    email VARCHAR(100),
    nombreUsuario VARCHAR(20),
    password VARCHAR(100),
    especialidad_trabajador VARCHAR(20),
    isResponsable INTEGER,
    salario DECIMAL(10, 2),
    fecha_contratacion DATE,
    FOREIGN KEY (especialidad_trabajador) REFERENCES Especialidad(nombre)
)

-- Tabla Cita
CREATE TABLE IF NOT EXISTS Cita (
    id INTEGER PRIMARY KEY AUTOINCREMENT,
    id_trabajador INTEGER,
    id_vehiculo INTEGER,
    fecha DATETIME,
    hora VARCHAR(5),
    FOREIGN KEY (id_trabajador) REFERENCES Trabajador(id),
    FOREIGN KEY (id_vehiculo) REFERENCES Vehiculo(id)
)

-- Tabla Informe
CREATE TABLE IF NOT EXISTS Informe (
    id INTEGER PRIMARY KEY AUTOINCREMENT,
    frenado DECIMAL(2, 2),
    frenadoIsApto INTEGER,
    contaminacion DECIMAL(2, 2),
    lucesIsApto INTEGER,
    id_cita INTEGER,
    id_trabajador INTEGER,
    id_vehiculo INT,
    dni_propietario VARCHAR(9),
    isFavorable INTEGER,
    FOREIGN KEY (id_cita) REFERENCES Cita(id),
    FOREIGN KEY (id_trabajador) REFERENCES Trabajador(id),
    FOREIGN KEY (id_vehiculo) REFERENCES Vehiculo(id),
    FOREIGN KEY (dni_propietario) REFERENCES Propietario(dni)
)

04:59:58.523 [Test worker] INFO db.DatabaseManager - Datos iniciales cargados
04:59:58.524 [Test worker] DEBUG db.DatabaseManager - Conexión a la Base de Datos ya establecida
04:59:58.524 [Test worker] INFO db.DatabaseManager - Ejecutando consulta: SELECT * FROM informe con parámetros: []
04:59:58.525 [Test worker] INFO db.DatabaseManager - Conexión con la base de datos cerrada
04:59:58.533 [Test worker] INFO db.DatabaseManager - Conexión establecida con la base de datos: jdbc:sqlite:Pepilandia.db
04:59:58.535 [Test worker] INFO db.DatabaseManager - Ejecutando consulta: INSERT INTO informe (frenado, frenadoIsApto, contaminacion, lucesIsApto, id_cita, id_trabajador, id_vehiculo, dni_propietario, isFavorable) VALUES (?, ?, ?, ?, ?, ?, ?, ?, ?) con parámetros: [2.0, true, 33.0, true, 2, 2, 2, 12345678A, 1]
04:59:58.539 [Test worker] INFO db.DatabaseManager - Conexión con la base de datos cerrada
04:59:58.540 [Test worker] INFO db.DatabaseManager - Conexión establecida con la base de datos: jdbc:sqlite:Pepilandia.db
04:59:58.541 [Test worker] INFO db.DatabaseManager - Ejecutando consulta: INSERT INTO informe (frenado, frenadoIsApto, contaminacion, lucesIsApto, id_cita, id_trabajador, id_vehiculo, dni_propietario, isFavorable) VALUES (?, ?, ?, ?, ?, ?, ?, ?, ?) con parámetros: [6.0, true, 38.0, true, 2, 2, 2, 12345678A, 1]
04:59:58.546 [Test worker] INFO db.DatabaseManager - Conexión con la base de datos cerrada
04:59:58.548 [Test worker] INFO db.DatabaseManager - Conexión establecida con la base de datos: jdbc:sqlite:Pepilandia.db
04:59:58.548 [Test worker] INFO db.DatabaseManager - Ejecutando consulta: SELECT * FROM informe con parámetros: []
04:59:58.549 [Test worker] INFO db.DatabaseManager - Conexión con la base de datos cerrada
/C:/Users/Sergio/Desktop/FP/2o/EntregasExtraordinarias/Pepilandia/SQLite/build/resources/main/config.properties
04:59:58.557 [Test worker] INFO db.DatabaseManager - Conexión establecida con la base de datos: jdbc:sqlite:Pepilandia.db
--init-sql--
DROP TABLE IF EXISTS Trabajador

DROP TABLE IF EXISTS Informe

DROP TABLE IF EXISTS Especialidad

DROP TABLE IF EXISTS Propietario

DROP TABLE IF EXISTS Vehiculo

DROP TABLE IF EXISTS Cita

-- Tabla Especialidad
CREATE TABLE IF NOT EXISTS Especialidad (
    nombre VARCHAR(20) PRIMARY KEY,
    salario_base DECIMAL(10, 2)
)

-- Insertar datos en la tabla Especialidad
INSERT INTO Especialidad (nombre, salario_base) VALUES
    ('ELECTRICIDAD', 1800),
    ('MOTOR', 1700),
    ('MECANICA', 1600),
    ('INTERIOR', 1750)

-- Tabla Propietario
CREATE TABLE Propietario (
    id INTEGER PRIMARY KEY AUTOINCREMENT,
    dni VARCHAR(9),
    nombre VARCHAR(30),
    apellidos VARCHAR(100),
    telefono VARCHAR(20)
)

-- Tabla Vehiculo
CREATE TABLE IF NOT EXISTS Vehiculo (
    id INTEGER PRIMARY KEY AUTOINCREMENT,
    marca VARCHAR(50),
    modelo VARCHAR(50),
    matricula VARCHAR(10),
    fecha_matriculacion DATE,
    fecha_ultima_revision DATE,
    dni_propietario VARCHAR(9),
    FOREIGN KEY (dni_propietario) REFERENCES Propietario(dni)
)

-- Tabla Trabajador
CREATE TABLE IF NOT EXISTS Trabajador (
    id INTEGER PRIMARY KEY AUTOINCREMENT,
    nombre VARCHAR(30),
    telefono VARCHAR(20),
    email VARCHAR(100),
    nombreUsuario VARCHAR(20),
    password VARCHAR(100),
    especialidad_trabajador VARCHAR(20),
    isResponsable INTEGER,
    salario DECIMAL(10, 2),
    fecha_contratacion DATE,
    FOREIGN KEY (especialidad_trabajador) REFERENCES Especialidad(nombre)
)

-- Tabla Cita
CREATE TABLE IF NOT EXISTS Cita (
    id INTEGER PRIMARY KEY AUTOINCREMENT,
    id_trabajador INTEGER,
    id_vehiculo INTEGER,
    fecha DATETIME,
    hora VARCHAR(5),
    FOREIGN KEY (id_trabajador) REFERENCES Trabajador(id),
    FOREIGN KEY (id_vehiculo) REFERENCES Vehiculo(id)
)

-- Tabla Informe
CREATE TABLE IF NOT EXISTS Informe (
    id INTEGER PRIMARY KEY AUTOINCREMENT,
    frenado DECIMAL(2, 2),
    frenadoIsApto INTEGER,
    contaminacion DECIMAL(2, 2),
    lucesIsApto INTEGER,
    id_cita INTEGER,
    id_trabajador INTEGER,
    id_vehiculo INT,
    dni_propietario VARCHAR(9),
    isFavorable INTEGER,
    FOREIGN KEY (id_cita) REFERENCES Cita(id),
    FOREIGN KEY (id_trabajador) REFERENCES Trabajador(id),
    FOREIGN KEY (id_vehiculo) REFERENCES Vehiculo(id),
    FOREIGN KEY (dni_propietario) REFERENCES Propietario(dni)
)

04:59:58.569 [Test worker] INFO db.DatabaseManager - Datos iniciales cargados
04:59:58.569 [Test worker] DEBUG db.DatabaseManager - Conexión a la Base de Datos ya establecida
04:59:58.570 [Test worker] INFO db.DatabaseManager - Ejecutando consulta: SELECT * FROM informe con parámetros: []
04:59:58.570 [Test worker] INFO db.DatabaseManager - Conexión con la base de datos cerrada
04:59:58.571 [Test worker] INFO db.DatabaseManager - Conexión establecida con la base de datos: jdbc:sqlite:Pepilandia.db
04:59:58.571 [Test worker] INFO db.DatabaseManager - Ejecutando consulta: INSERT INTO informe (frenado, frenadoIsApto, contaminacion, lucesIsApto, id_cita, id_trabajador, id_vehiculo, dni_propietario, isFavorable) VALUES (?, ?, ?, ?, ?, ?, ?, ?, ?) con parámetros: [2.0, true, 33.0, true, 2, 2, 2, 12345678A, 1]
04:59:58.598 [Test worker] INFO db.DatabaseManager - Conexión con la base de datos cerrada
04:59:58.602 [Test worker] INFO db.DatabaseManager - Conexión establecida con la base de datos: jdbc:sqlite:Pepilandia.db
04:59:58.602 [Test worker] INFO db.DatabaseManager - Ejecutando consulta: UPDATE informe SET frenado = ?, frenadoIsApto = ?, contaminacion = ?, lucesIsApto = ?, id_cita = ?, id_trabajador = ?, id_vehiculo = ?, dni_propietario = ?, isFavorable = ? WHERE id = ? con parámetros: [6.0, true, 38.0, true, 2, 2, 2, 12345678A, 1, 1]
04:59:58.608 [Test worker] INFO db.DatabaseManager - Conexión con la base de datos cerrada
04:59:58.611 [Test worker] INFO db.DatabaseManager - Conexión establecida con la base de datos: jdbc:sqlite:Pepilandia.db
04:59:58.611 [Test worker] INFO db.DatabaseManager - Ejecutando consulta: SELECT * FROM informe WHERE id = ? con parámetros: [1]
04:59:58.612 [Test worker] INFO db.DatabaseManager - Conexión con la base de datos cerrada
/C:/Users/Sergio/Desktop/FP/2o/EntregasExtraordinarias/Pepilandia/SQLite/build/resources/main/config.properties
04:59:58.614 [Test worker] INFO db.DatabaseManager - Conexión establecida con la base de datos: jdbc:sqlite:Pepilandia.db
--init-sql--
DROP TABLE IF EXISTS Trabajador

DROP TABLE IF EXISTS Informe

DROP TABLE IF EXISTS Especialidad

DROP TABLE IF EXISTS Propietario

DROP TABLE IF EXISTS Vehiculo

DROP TABLE IF EXISTS Cita

-- Tabla Especialidad
CREATE TABLE IF NOT EXISTS Especialidad (
    nombre VARCHAR(20) PRIMARY KEY,
    salario_base DECIMAL(10, 2)
)

-- Insertar datos en la tabla Especialidad
INSERT INTO Especialidad (nombre, salario_base) VALUES
    ('ELECTRICIDAD', 1800),
    ('MOTOR', 1700),
    ('MECANICA', 1600),
    ('INTERIOR', 1750)

-- Tabla Propietario
CREATE TABLE Propietario (
    id INTEGER PRIMARY KEY AUTOINCREMENT,
    dni VARCHAR(9),
    nombre VARCHAR(30),
    apellidos VARCHAR(100),
    telefono VARCHAR(20)
)

-- Tabla Vehiculo
CREATE TABLE IF NOT EXISTS Vehiculo (
    id INTEGER PRIMARY KEY AUTOINCREMENT,
    marca VARCHAR(50),
    modelo VARCHAR(50),
    matricula VARCHAR(10),
    fecha_matriculacion DATE,
    fecha_ultima_revision DATE,
    dni_propietario VARCHAR(9),
    FOREIGN KEY (dni_propietario) REFERENCES Propietario(dni)
)

-- Tabla Trabajador
CREATE TABLE IF NOT EXISTS Trabajador (
    id INTEGER PRIMARY KEY AUTOINCREMENT,
    nombre VARCHAR(30),
    telefono VARCHAR(20),
    email VARCHAR(100),
    nombreUsuario VARCHAR(20),
    password VARCHAR(100),
    especialidad_trabajador VARCHAR(20),
    isResponsable INTEGER,
    salario DECIMAL(10, 2),
    fecha_contratacion DATE,
    FOREIGN KEY (especialidad_trabajador) REFERENCES Especialidad(nombre)
)

-- Tabla Cita
CREATE TABLE IF NOT EXISTS Cita (
    id INTEGER PRIMARY KEY AUTOINCREMENT,
    id_trabajador INTEGER,
    id_vehiculo INTEGER,
    fecha DATETIME,
    hora VARCHAR(5),
    FOREIGN KEY (id_trabajador) REFERENCES Trabajador(id),
    FOREIGN KEY (id_vehiculo) REFERENCES Vehiculo(id)
)

-- Tabla Informe
CREATE TABLE IF NOT EXISTS Informe (
    id INTEGER PRIMARY KEY AUTOINCREMENT,
    frenado DECIMAL(2, 2),
    frenadoIsApto INTEGER,
    contaminacion DECIMAL(2, 2),
    lucesIsApto INTEGER,
    id_cita INTEGER,
    id_trabajador INTEGER,
    id_vehiculo INT,
    dni_propietario VARCHAR(9),
    isFavorable INTEGER,
    FOREIGN KEY (id_cita) REFERENCES Cita(id),
    FOREIGN KEY (id_trabajador) REFERENCES Trabajador(id),
    FOREIGN KEY (id_vehiculo) REFERENCES Vehiculo(id),
    FOREIGN KEY (dni_propietario) REFERENCES Propietario(dni)
)

04:59:58.636 [Test worker] INFO db.DatabaseManager - Datos iniciales cargados
04:59:58.637 [Test worker] DEBUG db.DatabaseManager - Conexión a la Base de Datos ya establecida
04:59:58.638 [Test worker] INFO db.DatabaseManager - Ejecutando consulta: SELECT * FROM informe con parámetros: []
04:59:58.638 [Test worker] INFO db.DatabaseManager - Conexión con la base de datos cerrada
04:59:58.641 [Test worker] INFO db.DatabaseManager - Conexión establecida con la base de datos: jdbc:sqlite:Pepilandia.db
04:59:58.641 [Test worker] INFO db.DatabaseManager - Ejecutando consulta: INSERT INTO informe (frenado, frenadoIsApto, contaminacion, lucesIsApto, id_cita, id_trabajador, id_vehiculo, dni_propietario, isFavorable) VALUES (?, ?, ?, ?, ?, ?, ?, ?, ?) con parámetros: [2.0, true, 33.0, true, 2, 2, 2, 12345678A, 1]
04:59:58.647 [Test worker] INFO db.DatabaseManager - Conexión con la base de datos cerrada
04:59:58.650 [Test worker] INFO db.DatabaseManager - Conexión establecida con la base de datos: jdbc:sqlite:Pepilandia.db
04:59:58.650 [Test worker] INFO db.DatabaseManager - Ejecutando consulta: SELECT * FROM informe WHERE id = ? con parámetros: [1]
04:59:58.651 [Test worker] INFO db.DatabaseManager - Conexión con la base de datos cerrada
/C:/Users/Sergio/Desktop/FP/2o/EntregasExtraordinarias/Pepilandia/SQLite/build/resources/main/config.properties
04:59:58.659 [Test worker] INFO db.DatabaseManager - Conexión establecida con la base de datos: jdbc:sqlite:Pepilandia.db
--init-sql--
DROP TABLE IF EXISTS Trabajador

DROP TABLE IF EXISTS Informe

DROP TABLE IF EXISTS Especialidad

DROP TABLE IF EXISTS Propietario

DROP TABLE IF EXISTS Vehiculo

DROP TABLE IF EXISTS Cita

-- Tabla Especialidad
CREATE TABLE IF NOT EXISTS Especialidad (
    nombre VARCHAR(20) PRIMARY KEY,
    salario_base DECIMAL(10, 2)
)

-- Insertar datos en la tabla Especialidad
INSERT INTO Especialidad (nombre, salario_base) VALUES
    ('ELECTRICIDAD', 1800),
    ('MOTOR', 1700),
    ('MECANICA', 1600),
    ('INTERIOR', 1750)

-- Tabla Propietario
CREATE TABLE Propietario (
    id INTEGER PRIMARY KEY AUTOINCREMENT,
    dni VARCHAR(9),
    nombre VARCHAR(30),
    apellidos VARCHAR(100),
    telefono VARCHAR(20)
)

-- Tabla Vehiculo
CREATE TABLE IF NOT EXISTS Vehiculo (
    id INTEGER PRIMARY KEY AUTOINCREMENT,
    marca VARCHAR(50),
    modelo VARCHAR(50),
    matricula VARCHAR(10),
    fecha_matriculacion DATE,
    fecha_ultima_revision DATE,
    dni_propietario VARCHAR(9),
    FOREIGN KEY (dni_propietario) REFERENCES Propietario(dni)
)

-- Tabla Trabajador
CREATE TABLE IF NOT EXISTS Trabajador (
    id INTEGER PRIMARY KEY AUTOINCREMENT,
    nombre VARCHAR(30),
    telefono VARCHAR(20),
    email VARCHAR(100),
    nombreUsuario VARCHAR(20),
    password VARCHAR(100),
    especialidad_trabajador VARCHAR(20),
    isResponsable INTEGER,
    salario DECIMAL(10, 2),
    fecha_contratacion DATE,
    FOREIGN KEY (especialidad_trabajador) REFERENCES Especialidad(nombre)
)

-- Tabla Cita
CREATE TABLE IF NOT EXISTS Cita (
    id INTEGER PRIMARY KEY AUTOINCREMENT,
    id_trabajador INTEGER,
    id_vehiculo INTEGER,
    fecha DATETIME,
    hora VARCHAR(5),
    FOREIGN KEY (id_trabajador) REFERENCES Trabajador(id),
    FOREIGN KEY (id_vehiculo) REFERENCES Vehiculo(id)
)

-- Tabla Informe
CREATE TABLE IF NOT EXISTS Informe (
    id INTEGER PRIMARY KEY AUTOINCREMENT,
    frenado DECIMAL(2, 2),
    frenadoIsApto INTEGER,
    contaminacion DECIMAL(2, 2),
    lucesIsApto INTEGER,
    id_cita INTEGER,
    id_trabajador INTEGER,
    id_vehiculo INT,
    dni_propietario VARCHAR(9),
    isFavorable INTEGER,
    FOREIGN KEY (id_cita) REFERENCES Cita(id),
    FOREIGN KEY (id_trabajador) REFERENCES Trabajador(id),
    FOREIGN KEY (id_vehiculo) REFERENCES Vehiculo(id),
    FOREIGN KEY (dni_propietario) REFERENCES Propietario(dni)
)

04:59:58.674 [Test worker] INFO db.DatabaseManager - Datos iniciales cargados
04:59:58.678 [Test worker] DEBUG db.DatabaseManager - Conexión a la Base de Datos ya establecida
04:59:58.679 [Test worker] INFO db.DatabaseManager - Ejecutando consulta: SELECT * FROM informe con parámetros: []
04:59:58.679 [Test worker] INFO db.DatabaseManager - Conexión con la base de datos cerrada
04:59:58.682 [Test worker] INFO db.DatabaseManager - Conexión establecida con la base de datos: jdbc:sqlite:Pepilandia.db
04:59:58.683 [Test worker] INFO db.DatabaseManager - Ejecutando consulta: INSERT INTO informe (frenado, frenadoIsApto, contaminacion, lucesIsApto, id_cita, id_trabajador, id_vehiculo, dni_propietario, isFavorable) VALUES (?, ?, ?, ?, ?, ?, ?, ?, ?) con parámetros: [2.0, true, 33.0, true, 2, 2, 2, 12345678A, 1]
04:59:58.691 [Test worker] INFO db.DatabaseManager - Conexión con la base de datos cerrada
04:59:58.693 [Test worker] INFO db.DatabaseManager - Conexión establecida con la base de datos: jdbc:sqlite:Pepilandia.db
04:59:58.693 [Test worker] INFO db.DatabaseManager - Ejecutando consulta: SELECT * FROM informe WHERE isFavorable = true con parámetros: []
04:59:58.694 [Test worker] INFO db.DatabaseManager - Conexión con la base de datos cerrada
/C:/Users/Sergio/Desktop/FP/2o/EntregasExtraordinarias/Pepilandia/SQLite/build/resources/main/config.properties
04:59:58.700 [Test worker] INFO db.DatabaseManager - Conexión establecida con la base de datos: jdbc:sqlite:Pepilandia.db
--init-sql--
DROP TABLE IF EXISTS Trabajador

DROP TABLE IF EXISTS Informe

DROP TABLE IF EXISTS Especialidad

DROP TABLE IF EXISTS Propietario

DROP TABLE IF EXISTS Vehiculo

DROP TABLE IF EXISTS Cita

-- Tabla Especialidad
CREATE TABLE IF NOT EXISTS Especialidad (
    nombre VARCHAR(20) PRIMARY KEY,
    salario_base DECIMAL(10, 2)
)

-- Insertar datos en la tabla Especialidad
INSERT INTO Especialidad (nombre, salario_base) VALUES
    ('ELECTRICIDAD', 1800),
    ('MOTOR', 1700),
    ('MECANICA', 1600),
    ('INTERIOR', 1750)

-- Tabla Propietario
CREATE TABLE Propietario (
    id INTEGER PRIMARY KEY AUTOINCREMENT,
    dni VARCHAR(9),
    nombre VARCHAR(30),
    apellidos VARCHAR(100),
    telefono VARCHAR(20)
)

-- Tabla Vehiculo
CREATE TABLE IF NOT EXISTS Vehiculo (
    id INTEGER PRIMARY KEY AUTOINCREMENT,
    marca VARCHAR(50),
    modelo VARCHAR(50),
    matricula VARCHAR(10),
    fecha_matriculacion DATE,
    fecha_ultima_revision DATE,
    dni_propietario VARCHAR(9),
    FOREIGN KEY (dni_propietario) REFERENCES Propietario(dni)
)

-- Tabla Trabajador
CREATE TABLE IF NOT EXISTS Trabajador (
    id INTEGER PRIMARY KEY AUTOINCREMENT,
    nombre VARCHAR(30),
    telefono VARCHAR(20),
    email VARCHAR(100),
    nombreUsuario VARCHAR(20),
    password VARCHAR(100),
    especialidad_trabajador VARCHAR(20),
    isResponsable INTEGER,
    salario DECIMAL(10, 2),
    fecha_contratacion DATE,
    FOREIGN KEY (especialidad_trabajador) REFERENCES Especialidad(nombre)
)

-- Tabla Cita
CREATE TABLE IF NOT EXISTS Cita (
    id INTEGER PRIMARY KEY AUTOINCREMENT,
    id_trabajador INTEGER,
    id_vehiculo INTEGER,
    fecha DATETIME,
    hora VARCHAR(5),
    FOREIGN KEY (id_trabajador) REFERENCES Trabajador(id),
    FOREIGN KEY (id_vehiculo) REFERENCES Vehiculo(id)
)

-- Tabla Informe
CREATE TABLE IF NOT EXISTS Informe (
    id INTEGER PRIMARY KEY AUTOINCREMENT,
    frenado DECIMAL(2, 2),
    frenadoIsApto INTEGER,
    contaminacion DECIMAL(2, 2),
    lucesIsApto INTEGER,
    id_cita INTEGER,
    id_trabajador INTEGER,
    id_vehiculo INT,
    dni_propietario VARCHAR(9),
    isFavorable INTEGER,
    FOREIGN KEY (id_cita) REFERENCES Cita(id),
    FOREIGN KEY (id_trabajador) REFERENCES Trabajador(id),
    FOREIGN KEY (id_vehiculo) REFERENCES Vehiculo(id),
    FOREIGN KEY (dni_propietario) REFERENCES Propietario(dni)
)

04:59:58.715 [Test worker] INFO db.DatabaseManager - Datos iniciales cargados
04:59:58.716 [Test worker] DEBUG db.DatabaseManager - Conexión a la Base de Datos ya establecida
04:59:58.716 [Test worker] INFO db.DatabaseManager - Ejecutando consulta: SELECT * FROM informe con parámetros: []
04:59:58.717 [Test worker] INFO db.DatabaseManager - Conexión con la base de datos cerrada
04:59:58.723 [Test worker] INFO db.DatabaseManager - Conexión establecida con la base de datos: jdbc:sqlite:Pepilandia.db
04:59:58.723 [Test worker] INFO db.DatabaseManager - Ejecutando consulta: INSERT INTO informe (frenado, frenadoIsApto, contaminacion, lucesIsApto, id_cita, id_trabajador, id_vehiculo, dni_propietario, isFavorable) VALUES (?, ?, ?, ?, ?, ?, ?, ?, ?) con parámetros: [2.0, true, 33.0, true, 2, 2, 2, 12345678A, 1]
04:59:58.737 [Test worker] INFO db.DatabaseManager - Conexión con la base de datos cerrada
04:59:58.745 [Test worker] INFO db.DatabaseManager - Conexión establecida con la base de datos: jdbc:sqlite:Pepilandia.db
04:59:58.746 [Test worker] INFO db.DatabaseManager - Ejecutando consulta: SELECT * FROM informe WHERE id = ? con parámetros: [1]
04:59:58.746 [Test worker] INFO db.DatabaseManager - Conexión con la base de datos cerrada
]]></system-out>
  <system-err><![CDATA[]]></system-err>
</testsuite>
